Wed Apr 08 15:32:21 IDT 2020 Users.FootballAssosiation: Add new referee. id:1
Wed Apr 08 15:32:34 IDT 2020 Users.FootballAssosiation: Add new referee. id:1
Wed Apr 08 15:33:16 IDT 2020 Users.FootballAssosiation: Add new referee. id:1
Wed Apr 08 15:44:11 IDT 2020 Users.FootballAssosiation: Add new referee. id:1
Wed Apr 08 15:44:19 IDT 2020 Users.FootballAssosiation: Add new referee. id:1
Wed Apr 08 15:45:00 IDT 2020 Users.FootballAssosiation: Add new referee. id:1
Wed Apr 08 15:45:23 IDT 2020 Users.FootballAssosiation: Add new referee. id:1
Wed Apr 08 15:52:05 IDT 2020 Users.FootballAssosiation: Add new referee. id:1
Wed Apr 08 15:52:28 IDT 2020 Users.FootballAssosiation: Add new referee. id:1
Wed Apr 08 15:53:15 IDT 2020 Users.FootballAssosiation: Add new referee. id:1
Wed Apr 08 16:26:12 IDT 2020 Users.FootballAssosiation: Add new referee. id:1
Wed Apr 08 16:45:42 IDT 2020 Users.FootballAssosiation: Add new referee. id:1
Wed Apr 08 17:55:23 IDT 2020 Users.User: Maxim(id: 205695612) update his status
Wed Apr 08 17:55:24 IDT 2020 Controller: User log in to the system. id(205695612).
Wed Apr 08 17:55:34 IDT 2020 Users.User: Maxim(id: 205695612) update his status
Wed Apr 08 17:55:34 IDT 2020 Controller: User log in to the system. id(205695612).
Wed Apr 08 17:56:26 IDT 2020 Users.User: Maxim(id: 205695612) update his status
Wed Apr 08 17:56:26 IDT 2020 Controller: User log in to the system. id(205695612).
Wed Apr 08 19:37:08 IDT 2020 Users.User: Maxim(id: 205695612) update his status
Wed Apr 08 19:37:08 IDT 2020 Controller: User log in to the system. id(205695612).
Thu Apr 09 12:33:44 IDT 2020 FootballObjects.Team.DefualtAllocte: Inaugural games for the league- home and away games for each league team
Thu Apr 09 12:34:53 IDT 2020 FootballObjects.Team.DefualtAllocte: Inaugural games for the league- home and away games for each league team
Thu Apr 09 12:37:08 IDT 2020 FootballObjects.Team.DefualtAllocte: Inaugural games for the league- home and away games for each league team
Thu Apr 09 12:37:31 IDT 2020 FootballObjects.Team.DefualtAllocte: Inaugural games for the league- home and away games for each league team
Thu Apr 09 12:39:35 IDT 2020 FootballObjects.Team.DefualtAllocte: Inaugural games for the league- home and away games for each league team
Thu Apr 09 12:41:09 IDT 2020 FootballObjects.Team.DefualtAllocte: Inaugural games for the league- home and away games for each league team
Thu Apr 09 12:43:04 IDT 2020 FootballObjects.Team.DefualtAllocte: Inaugural games for the league- home and away games for each league team
Thu Apr 09 12:44:53 IDT 2020 FootballObjects.Team.DefualtAllocte: Inaugural games for the league- home and away games for each league team
Thu Apr 09 12:47:07 IDT 2020 FootballObjects.Team.DefualtAllocte: Inaugural games for the league- home and away games for each league team
Thu Apr 09 13:11:19 IDT 2020 FootballObjects.Team.OneGameAllocatePolicy: Inaugural games for the league - one game for each league team
Thu Apr 09 13:14:06 IDT 2020 FootballObjects.Team.OneGameAllocatePolicy: Inaugural games for the league - one game for each league team
