Mon May 11 16:36:22 IDT 2020 Controller.initSystem: Successfully connected to Tax System
Mon May 11 16:36:22 IDT 2020 Controller.initSystem: Successfully connected to Accounting System
Mon May 11 16:36:22 IDT 2020 Controller.signUp: A new user signUp to the system. (1,Pudge).
Mon May 11 16:36:22 IDT 2020 Users.User.setStatus: Administrator(id: 0) update his status
Mon May 11 16:36:22 IDT 2020 Controller.login: User log in to the system. id(0).
Mon May 11 16:36:22 IDT 2020 Users.SystemManager.createNewTeamOwner: Add a new TeamOwner : Puck
Mon May 11 16:36:22 IDT 2020 Users.SystemManager.createNewFootballAssociation: Add a new Football Association : PA
Mon May 11 16:36:22 IDT 2020 Users.SystemManager.createNewReferee: Add a new Referee : Invoker
Mon May 11 16:36:22 IDT 2020 Users.SystemManager.createNewReferee: Add a new Referee : Invoker2
Mon May 11 16:36:22 IDT 2020 Users.SystemManager.createNewReferee: Add a new Referee : Invoker3
Mon May 11 16:36:22 IDT 2020 Controller.signUp: A new user signUp to the system. (2,fan).
Mon May 11 16:36:22 IDT 2020 Users.TeamOwner.addTeamToMyTeamList: Team : Navi , id :0was added to the teams list of : Puck , id :4
Mon May 11 16:36:22 IDT 2020 Users.TeamOwner.addTeamToMyTeamList: Team : VP , id :0was added to the teams list of : Puck , id :4
Mon May 11 16:36:22 IDT 2020 FootballObjects.Field.addMyTeam: The team for field : rus id : 0was added to the home teams list.
Mon May 11 16:36:22 IDT 2020 FootballObjects.Team.Team.addAsset: New asset wae added to team :Navi , id :0Asset details : @name:rus , id : 0
Mon May 11 16:36:22 IDT 2020 FootballObjects.Field.addMyTeam: The team for field : ukr id : 1was added to the home teams list.
Mon May 11 16:36:22 IDT 2020 FootballObjects.Team.Team.addAsset: New asset wae added to team :VP , id :0Asset details : @name:ukr , id : 1
Mon May 11 16:36:22 IDT 2020 Users.FootballAssociation.initLeague: Football assosiation -Init new League. Name:Major
Mon May 11 16:36:22 IDT 2020 FootballObjects.Team.DefaultAllocate.setTeamPolicy: League Information inaugural games for the league- home and away games for each league team
Mon May 11 16:36:22 IDT 2020 FootballObjects.Game.registerFanToAlert: Fan fan (id: 2) register to receive a game (id: 1) alert
Mon May 11 16:36:22 IDT 2020 FootballObjects.Game.registerFanToAlert: Fan fan (id: 2) register to receive a game (id: 2) alert
Mon May 11 16:36:22 IDT 2020 FootballObjects.Game.registerRefereeToAlert: Referee Invoker (id: 2) register to receive a game (id: 1) alert
Mon May 11 16:36:22 IDT 2020 Users.Referee.addGame: a Game added to referee list. Referee's username:Invoker
Mon May 11 16:36:22 IDT 2020 FootballObjects.Game.registerRefereeToAlert: Referee Invoker2 (id: 2) register to receive a game (id: 1) alert
Mon May 11 16:36:22 IDT 2020 Users.Referee.addGame: a Game added to referee list. Referee's username:Invoker2
Mon May 11 16:36:22 IDT 2020 FootballObjects.Game.registerRefereeToAlert: Referee Invoker3 (id: 2) register to receive a game (id: 1) alert
Mon May 11 16:36:22 IDT 2020 Users.Referee.addGame: a Game added to referee list. Referee's username:Invoker3
Mon May 11 16:36:22 IDT 2020 FootballObjects.Game.registerRefereeToAlert: Referee Invoker (id: 2) register to receive a game (id: 2) alert
Mon May 11 16:36:22 IDT 2020 Users.Referee.addGame: a Game added to referee list. Referee's username:Invoker
Mon May 11 16:36:22 IDT 2020 FootballObjects.Game.registerRefereeToAlert: Referee Invoker2 (id: 2) register to receive a game (id: 2) alert
Mon May 11 16:36:22 IDT 2020 Users.Referee.addGame: a Game added to referee list. Referee's username:Invoker2
Mon May 11 16:36:22 IDT 2020 FootballObjects.Game.registerRefereeToAlert: Referee Invoker3 (id: 2) register to receive a game (id: 2) alert
Mon May 11 16:36:22 IDT 2020 Users.Referee.addGame: a Game added to referee list. Referee's username:Invoker3
Mon May 11 16:36:22 IDT 2020 FootballObjects.LeagueInformation.schedulingReferee: League information- The referees inaugural season was successfully completed. League name: Major
Mon May 11 16:40:35 IDT 2020 Controller.initSystem: Successfully connected to Tax System
Mon May 11 16:40:35 IDT 2020 Controller.initSystem: Successfully connected to Accounting System
Mon May 11 16:40:35 IDT 2020 Controller.signUp: A new user signUp to the system. (1,Pudge).
Mon May 11 16:40:35 IDT 2020 Users.User.setStatus: Administrator(id: 0) update his status
Mon May 11 16:40:35 IDT 2020 Controller.login: User log in to the system. id(0).
Mon May 11 16:40:35 IDT 2020 Users.SystemManager.createNewTeamOwner: Add a new TeamOwner : Puck
Mon May 11 16:40:35 IDT 2020 Users.SystemManager.createNewFootballAssociation: Add a new Football Association : PA
Mon May 11 16:40:35 IDT 2020 Users.SystemManager.createNewReferee: Add a new Referee : Invoker
Mon May 11 16:40:35 IDT 2020 Users.SystemManager.createNewReferee: Add a new Referee : Invoker2
Mon May 11 16:40:35 IDT 2020 Users.SystemManager.createNewReferee: Add a new Referee : Invoker3
Mon May 11 16:40:35 IDT 2020 Controller.signUp: A new user signUp to the system. (2,fan).
Mon May 11 16:40:35 IDT 2020 Users.TeamOwner.addTeamToMyTeamList: Team : Navi , id :0was added to the teams list of : Puck , id :4
Mon May 11 16:40:35 IDT 2020 Users.TeamOwner.addTeamToMyTeamList: Team : VP , id :0was added to the teams list of : Puck , id :4
Mon May 11 16:40:35 IDT 2020 FootballObjects.Field.addMyTeam: The team for field : rus id : 0was added to the home teams list.
Mon May 11 16:40:35 IDT 2020 FootballObjects.Team.Team.addAsset: New asset wae added to team :Navi , id :0Asset details : @name:rus , id : 0
Mon May 11 16:40:35 IDT 2020 FootballObjects.Field.addMyTeam: The team for field : ukr id : 1was added to the home teams list.
Mon May 11 16:40:35 IDT 2020 FootballObjects.Team.Team.addAsset: New asset wae added to team :VP , id :0Asset details : @name:ukr , id : 1
Mon May 11 16:40:35 IDT 2020 Users.FootballAssociation.initLeague: Football assosiation -Init new League. Name:Major
Mon May 11 16:40:35 IDT 2020 FootballObjects.Team.DefaultAllocate.setTeamPolicy: League Information inaugural games for the league- home and away games for each league team
Mon May 11 16:40:35 IDT 2020 FootballObjects.Game.registerFanToAlert: Fan fan (id: 2) register to receive a game (id: 1) alert
Mon May 11 16:40:35 IDT 2020 FootballObjects.Game.registerFanToAlert: Fan fan (id: 2) register to receive a game (id: 2) alert
Mon May 11 16:40:35 IDT 2020 FootballObjects.Game.registerRefereeToAlert: Referee Invoker (id: 2) register to receive a game (id: 1) alert
Mon May 11 16:40:35 IDT 2020 Users.Referee.addGame: a Game added to referee list. Referee's username:Invoker
Mon May 11 16:40:35 IDT 2020 FootballObjects.Game.registerRefereeToAlert: Referee Invoker2 (id: 2) register to receive a game (id: 1) alert
Mon May 11 16:40:35 IDT 2020 Users.Referee.addGame: a Game added to referee list. Referee's username:Invoker2
Mon May 11 16:40:35 IDT 2020 FootballObjects.Game.registerRefereeToAlert: Referee Invoker3 (id: 2) register to receive a game (id: 1) alert
Mon May 11 16:40:35 IDT 2020 Users.Referee.addGame: a Game added to referee list. Referee's username:Invoker3
Mon May 11 16:40:35 IDT 2020 FootballObjects.Game.registerRefereeToAlert: Referee Invoker (id: 2) register to receive a game (id: 2) alert
Mon May 11 16:40:35 IDT 2020 Users.Referee.addGame: a Game added to referee list. Referee's username:Invoker
Mon May 11 16:40:35 IDT 2020 FootballObjects.Game.registerRefereeToAlert: Referee Invoker2 (id: 2) register to receive a game (id: 2) alert
Mon May 11 16:40:35 IDT 2020 Users.Referee.addGame: a Game added to referee list. Referee's username:Invoker2
Mon May 11 16:40:35 IDT 2020 FootballObjects.Game.registerRefereeToAlert: Referee Invoker3 (id: 2) register to receive a game (id: 2) alert
Mon May 11 16:40:35 IDT 2020 Users.Referee.addGame: a Game added to referee list. Referee's username:Invoker3
Mon May 11 16:40:35 IDT 2020 FootballObjects.LeagueInformation.schedulingReferee: League information- The referees inaugural season was successfully completed. League name: Major
Mon May 11 16:40:50 IDT 2020 Users.User.setStatus: Invoker(id: 2) update his status
Mon May 11 16:40:50 IDT 2020 Controller.login: User log in to the system. id(2).
Mon May 11 16:41:08 IDT 2020 Users.User.setStatus: fan(id: 2) update his status
Mon May 11 16:41:08 IDT 2020 Controller.login: User log in to the system. id(2).
Mon May 11 16:41:09 IDT 2020 Users.User.setStatus: fan(id: 2) update his status
Mon May 11 16:41:09 IDT 2020 Controller.login: User log in to the system. id(2).
Mon May 11 16:41:09 IDT 2020 Users.User.setStatus: fan(id: 2) update his status
Mon May 11 16:41:09 IDT 2020 Controller.login: User log in to the system. id(2).
Mon May 11 16:44:56 IDT 2020 Controller.initSystem: Successfully connected to Tax System
Mon May 11 16:44:56 IDT 2020 Controller.initSystem: Successfully connected to Accounting System
Mon May 11 16:44:56 IDT 2020 Controller.signUp: A new user signUp to the system. (1,Pudge).
Mon May 11 16:44:56 IDT 2020 Users.User.setStatus: Administrator(id: 0) update his status
Mon May 11 16:44:56 IDT 2020 Controller.login: User log in to the system. id(0).
Mon May 11 16:44:56 IDT 2020 Users.SystemManager.createNewTeamOwner: Add a new TeamOwner : Puck
Mon May 11 16:44:56 IDT 2020 Users.SystemManager.createNewFootballAssociation: Add a new Football Association : PA
Mon May 11 16:44:56 IDT 2020 Users.SystemManager.createNewReferee: Add a new Referee : Invoker
Mon May 11 16:44:56 IDT 2020 Users.SystemManager.createNewReferee: Add a new Referee : Invoker2
Mon May 11 16:44:56 IDT 2020 Users.SystemManager.createNewReferee: Add a new Referee : Invoker3
Mon May 11 16:44:56 IDT 2020 Controller.signUp: A new user signUp to the system. (2,fan).
Mon May 11 16:44:56 IDT 2020 Users.TeamOwner.addTeamToMyTeamList: Team : Navi , id :0was added to the teams list of : Puck , id :4
Mon May 11 16:44:56 IDT 2020 Users.TeamOwner.addTeamToMyTeamList: Team : VP , id :0was added to the teams list of : Puck , id :4
Mon May 11 16:44:56 IDT 2020 FootballObjects.Field.addMyTeam: The team for field : rus id : 0was added to the home teams list.
Mon May 11 16:44:56 IDT 2020 FootballObjects.Team.Team.addAsset: New asset wae added to team :Navi , id :0Asset details : @name:rus , id : 0
Mon May 11 16:44:56 IDT 2020 FootballObjects.Field.addMyTeam: The team for field : ukr id : 1was added to the home teams list.
Mon May 11 16:44:56 IDT 2020 FootballObjects.Team.Team.addAsset: New asset wae added to team :VP , id :0Asset details : @name:ukr , id : 1
Mon May 11 16:44:56 IDT 2020 Users.FootballAssociation.initLeague: Football assosiation -Init new League. Name:Major
Mon May 11 16:44:56 IDT 2020 FootballObjects.Team.DefaultAllocate.setTeamPolicy: League Information inaugural games for the league- home and away games for each league team
Mon May 11 16:44:56 IDT 2020 FootballObjects.Game.registerFanToAlert: Fan fan (id: 2) register to receive a game (id: 1) alert
Mon May 11 16:44:56 IDT 2020 FootballObjects.Game.registerFanToAlert: Fan fan (id: 2) register to receive a game (id: 2) alert
Mon May 11 16:44:56 IDT 2020 FootballObjects.Game.registerRefereeToAlert: Referee Invoker (id: 2) register to receive a game (id: 1) alert
Mon May 11 16:44:56 IDT 2020 Users.Referee.addGame: a Game added to referee list. Referee's username:Invoker
Mon May 11 16:44:56 IDT 2020 FootballObjects.Game.registerRefereeToAlert: Referee Invoker2 (id: 2) register to receive a game (id: 1) alert
Mon May 11 16:44:56 IDT 2020 Users.Referee.addGame: a Game added to referee list. Referee's username:Invoker2
Mon May 11 16:44:56 IDT 2020 FootballObjects.Game.registerRefereeToAlert: Referee Invoker3 (id: 2) register to receive a game (id: 1) alert
Mon May 11 16:44:56 IDT 2020 Users.Referee.addGame: a Game added to referee list. Referee's username:Invoker3
Mon May 11 16:44:56 IDT 2020 FootballObjects.Game.registerRefereeToAlert: Referee Invoker (id: 2) register to receive a game (id: 2) alert
Mon May 11 16:44:56 IDT 2020 Users.Referee.addGame: a Game added to referee list. Referee's username:Invoker
Mon May 11 16:44:56 IDT 2020 FootballObjects.Game.registerRefereeToAlert: Referee Invoker2 (id: 2) register to receive a game (id: 2) alert
Mon May 11 16:44:56 IDT 2020 Users.Referee.addGame: a Game added to referee list. Referee's username:Invoker2
Mon May 11 16:44:56 IDT 2020 FootballObjects.Game.registerRefereeToAlert: Referee Invoker3 (id: 2) register to receive a game (id: 2) alert
Mon May 11 16:44:56 IDT 2020 Users.Referee.addGame: a Game added to referee list. Referee's username:Invoker3
Mon May 11 16:44:56 IDT 2020 FootballObjects.LeagueInformation.schedulingReferee: League information- The referees inaugural season was successfully completed. League name: Major
Mon May 11 16:45:06 IDT 2020 Users.User.setStatus: Invoker(id: 2) update his status
Mon May 11 16:45:06 IDT 2020 Controller.login: User log in to the system. id(2).
Mon May 11 16:45:15 IDT 2020 FootballObjects.Event.AEvent.<init>: New Event was created. (1)
Mon May 11 16:45:15 IDT 2020 FootballObjects.Event.EventLog.addEventToLog: Event was added to eventLog. Id:1
Mon May 11 16:45:15 IDT 2020 Users.Fan.update: Fan was updated about a msg. username's fan:fan
Mon May 11 16:45:15 IDT 2020 Users.Referee.addEventMidGame: Event was added to the log event game 1 by the referee Invoker.
Mon May 11 16:45:23 IDT 2020 Users.User.setStatus: fan(id: 2) update his status
Mon May 11 16:45:23 IDT 2020 Controller.login: User log in to the system. id(2).
Mon May 11 16:46:02 IDT 2020 Controller.initSystem: Successfully connected to Tax System
Mon May 11 16:46:02 IDT 2020 Controller.initSystem: Successfully connected to Accounting System
Mon May 11 16:46:02 IDT 2020 Controller.signUp: A new user signUp to the system. (1,Pudge).
Mon May 11 16:46:02 IDT 2020 Users.User.setStatus: Administrator(id: 0) update his status
Mon May 11 16:46:02 IDT 2020 Controller.login: User log in to the system. id(0).
Mon May 11 16:46:02 IDT 2020 Users.SystemManager.createNewTeamOwner: Add a new TeamOwner : Puck
Mon May 11 16:46:02 IDT 2020 Users.SystemManager.createNewFootballAssociation: Add a new Football Association : PA
Mon May 11 16:46:02 IDT 2020 Users.SystemManager.createNewReferee: Add a new Referee : Invoker
Mon May 11 16:46:02 IDT 2020 Users.SystemManager.createNewReferee: Add a new Referee : Invoker2
Mon May 11 16:46:02 IDT 2020 Users.SystemManager.createNewReferee: Add a new Referee : Invoker3
Mon May 11 16:46:02 IDT 2020 Controller.signUp: A new user signUp to the system. (2,fan).
Mon May 11 16:46:02 IDT 2020 Users.TeamOwner.addTeamToMyTeamList: Team : Navi , id :0was added to the teams list of : Puck , id :4
Mon May 11 16:46:02 IDT 2020 Users.TeamOwner.addTeamToMyTeamList: Team : VP , id :0was added to the teams list of : Puck , id :4
Mon May 11 16:46:02 IDT 2020 FootballObjects.Field.addMyTeam: The team for field : rus id : 0was added to the home teams list.
Mon May 11 16:46:02 IDT 2020 FootballObjects.Team.Team.addAsset: New asset wae added to team :Navi , id :0Asset details : @name:rus , id : 0
Mon May 11 16:46:02 IDT 2020 FootballObjects.Field.addMyTeam: The team for field : ukr id : 1was added to the home teams list.
Mon May 11 16:46:02 IDT 2020 FootballObjects.Team.Team.addAsset: New asset wae added to team :VP , id :0Asset details : @name:ukr , id : 1
Mon May 11 16:46:02 IDT 2020 Users.FootballAssociation.initLeague: Football assosiation -Init new League. Name:Major
Mon May 11 16:46:02 IDT 2020 FootballObjects.Team.DefaultAllocate.setTeamPolicy: League Information inaugural games for the league- home and away games for each league team
Mon May 11 16:46:02 IDT 2020 FootballObjects.Game.registerFanToAlert: Fan fan (id: 2) register to receive a game (id: 1) alert
Mon May 11 16:46:02 IDT 2020 FootballObjects.Game.registerFanToAlert: Fan fan (id: 2) register to receive a game (id: 2) alert
Mon May 11 16:46:02 IDT 2020 FootballObjects.Game.registerRefereeToAlert: Referee Invoker (id: 2) register to receive a game (id: 1) alert
Mon May 11 16:46:02 IDT 2020 Users.Referee.addGame: a Game added to referee list. Referee's username:Invoker
Mon May 11 16:46:02 IDT 2020 FootballObjects.Game.registerRefereeToAlert: Referee Invoker2 (id: 2) register to receive a game (id: 1) alert
Mon May 11 16:46:02 IDT 2020 Users.Referee.addGame: a Game added to referee list. Referee's username:Invoker2
Mon May 11 16:46:02 IDT 2020 FootballObjects.Game.registerRefereeToAlert: Referee Invoker3 (id: 2) register to receive a game (id: 1) alert
Mon May 11 16:46:02 IDT 2020 Users.Referee.addGame: a Game added to referee list. Referee's username:Invoker3
Mon May 11 16:46:02 IDT 2020 FootballObjects.Game.registerRefereeToAlert: Referee Invoker (id: 2) register to receive a game (id: 2) alert
Mon May 11 16:46:02 IDT 2020 Users.Referee.addGame: a Game added to referee list. Referee's username:Invoker
Mon May 11 16:46:02 IDT 2020 FootballObjects.Game.registerRefereeToAlert: Referee Invoker2 (id: 2) register to receive a game (id: 2) alert
Mon May 11 16:46:02 IDT 2020 Users.Referee.addGame: a Game added to referee list. Referee's username:Invoker2
Mon May 11 16:46:02 IDT 2020 FootballObjects.Game.registerRefereeToAlert: Referee Invoker3 (id: 2) register to receive a game (id: 2) alert
Mon May 11 16:46:02 IDT 2020 Users.Referee.addGame: a Game added to referee list. Referee's username:Invoker3
Mon May 11 16:46:02 IDT 2020 FootballObjects.LeagueInformation.schedulingReferee: League information- The referees inaugural season was successfully completed. League name: Major
Mon May 11 16:46:12 IDT 2020 Users.User.setStatus: Invoker(id: 2) update his status
Mon May 11 16:46:12 IDT 2020 Controller.login: User log in to the system. id(2).
Mon May 11 16:46:26 IDT 2020 FootballObjects.Event.AEvent.<init>: New Event was created. (1)
Mon May 11 16:46:26 IDT 2020 FootballObjects.Event.EventLog.addEventToLog: Event was added to eventLog. Id:1
Mon May 11 16:46:26 IDT 2020 Users.Fan.update: Fan was updated about a msg. username's fan:fan
Mon May 11 16:46:26 IDT 2020 Users.Referee.addEventMidGame: Event was added to the log event game 1 by the referee Invoker.
Mon May 11 16:46:36 IDT 2020 Users.User.setStatus: fan(id: 2) update his status
Mon May 11 16:46:36 IDT 2020 Controller.login: User log in to the system. id(2).
Mon May 11 16:51:11 IDT 2020 Controller.initSystem: Successfully connected to Tax System
Mon May 11 16:51:11 IDT 2020 Controller.initSystem: Successfully connected to Accounting System
Mon May 11 16:51:11 IDT 2020 Controller.signUp: A new user signUp to the system. (1,Pudge).
Mon May 11 16:51:11 IDT 2020 Users.User.setStatus: Administrator(id: 0) update his status
Mon May 11 16:51:11 IDT 2020 Controller.login: User log in to the system. id(0).
Mon May 11 16:51:11 IDT 2020 Users.SystemManager.createNewTeamOwner: Add a new TeamOwner : Puck
Mon May 11 16:51:11 IDT 2020 Users.SystemManager.createNewFootballAssociation: Add a new Football Association : PA
Mon May 11 16:51:11 IDT 2020 Users.SystemManager.createNewReferee: Add a new Referee : Invoker
Mon May 11 16:51:11 IDT 2020 Users.SystemManager.createNewReferee: Add a new Referee : Invoker2
Mon May 11 16:51:11 IDT 2020 Users.SystemManager.createNewReferee: Add a new Referee : Invoker3
Mon May 11 16:51:11 IDT 2020 Controller.signUp: A new user signUp to the system. (2,fan).
Mon May 11 16:51:11 IDT 2020 Users.TeamOwner.addTeamToMyTeamList: Team : Navi , id :0was added to the teams list of : Puck , id :4
Mon May 11 16:51:11 IDT 2020 Users.TeamOwner.addTeamToMyTeamList: Team : VP , id :0was added to the teams list of : Puck , id :4
Mon May 11 16:51:11 IDT 2020 FootballObjects.Field.addMyTeam: The team for field : rus id : 0was added to the home teams list.
Mon May 11 16:51:11 IDT 2020 FootballObjects.Team.Team.addAsset: New asset wae added to team :Navi , id :0Asset details : @name:rus , id : 0
Mon May 11 16:51:11 IDT 2020 FootballObjects.Field.addMyTeam: The team for field : ukr id : 1was added to the home teams list.
Mon May 11 16:51:11 IDT 2020 FootballObjects.Team.Team.addAsset: New asset wae added to team :VP , id :0Asset details : @name:ukr , id : 1
Mon May 11 16:51:11 IDT 2020 Users.FootballAssociation.initLeague: Football assosiation -Init new League. Name:Major
Mon May 11 16:51:11 IDT 2020 FootballObjects.Team.DefaultAllocate.setTeamPolicy: League Information inaugural games for the league- home and away games for each league team
Mon May 11 16:51:11 IDT 2020 FootballObjects.Game.registerFanToAlert: Fan fan (id: 2) register to receive a game (id: 1) alert
Mon May 11 16:51:11 IDT 2020 FootballObjects.Game.registerFanToAlert: Fan fan (id: 2) register to receive a game (id: 2) alert
Mon May 11 16:51:11 IDT 2020 FootballObjects.Game.registerRefereeToAlert: Referee Invoker (id: 2) register to receive a game (id: 1) alert
Mon May 11 16:51:11 IDT 2020 Users.Referee.addGame: a Game added to referee list. Referee's username:Invoker
Mon May 11 16:51:11 IDT 2020 FootballObjects.Game.registerRefereeToAlert: Referee Invoker2 (id: 2) register to receive a game (id: 1) alert
Mon May 11 16:51:11 IDT 2020 Users.Referee.addGame: a Game added to referee list. Referee's username:Invoker2
Mon May 11 16:51:11 IDT 2020 FootballObjects.Game.registerRefereeToAlert: Referee Invoker3 (id: 2) register to receive a game (id: 1) alert
Mon May 11 16:51:11 IDT 2020 Users.Referee.addGame: a Game added to referee list. Referee's username:Invoker3
Mon May 11 16:51:11 IDT 2020 FootballObjects.Game.registerRefereeToAlert: Referee Invoker (id: 2) register to receive a game (id: 2) alert
Mon May 11 16:51:11 IDT 2020 Users.Referee.addGame: a Game added to referee list. Referee's username:Invoker
Mon May 11 16:51:11 IDT 2020 FootballObjects.Game.registerRefereeToAlert: Referee Invoker2 (id: 2) register to receive a game (id: 2) alert
Mon May 11 16:51:11 IDT 2020 Users.Referee.addGame: a Game added to referee list. Referee's username:Invoker2
Mon May 11 16:51:11 IDT 2020 FootballObjects.Game.registerRefereeToAlert: Referee Invoker3 (id: 2) register to receive a game (id: 2) alert
Mon May 11 16:51:11 IDT 2020 Users.Referee.addGame: a Game added to referee list. Referee's username:Invoker3
Mon May 11 16:51:11 IDT 2020 FootballObjects.LeagueInformation.schedulingReferee: League information- The referees inaugural season was successfully completed. League name: Major
Mon May 11 16:51:16 IDT 2020 Users.User.setStatus: fan(id: 2) update his status
Mon May 11 16:51:16 IDT 2020 Controller.login: User log in to the system. id(2).
Mon May 11 17:18:26 IDT 2020 Controller.initSystem: Successfully connected to Tax System
Mon May 11 17:18:26 IDT 2020 Controller.initSystem: Successfully connected to Accounting System
Mon May 11 17:18:26 IDT 2020 Controller.signUp: A new user signUp to the system. (1,Pudge).
Mon May 11 17:18:26 IDT 2020 Users.User.setStatus: Administrator(id: 0) update his status
Mon May 11 17:18:26 IDT 2020 Controller.login: User log in to the system. id(0).
Mon May 11 17:18:26 IDT 2020 Users.SystemManager.createNewTeamOwner: Add a new TeamOwner : Puck
Mon May 11 17:18:26 IDT 2020 Users.SystemManager.createNewFootballAssociation: Add a new Football Association : PA
Mon May 11 17:18:26 IDT 2020 Users.SystemManager.createNewReferee: Add a new Referee : Invoker
Mon May 11 17:18:26 IDT 2020 Users.SystemManager.createNewReferee: Add a new Referee : Invoker2
Mon May 11 17:18:26 IDT 2020 Users.SystemManager.createNewReferee: Add a new Referee : Invoker3
Mon May 11 17:18:26 IDT 2020 Controller.signUp: A new user signUp to the system. (2,fan).
Mon May 11 17:18:26 IDT 2020 Users.TeamOwner.addTeamToMyTeamList: Team : Navi , id :0was added to the teams list of : Puck , id :4
Mon May 11 17:18:26 IDT 2020 Users.TeamOwner.addTeamToMyTeamList: Team : VP , id :0was added to the teams list of : Puck , id :4
Mon May 11 17:18:26 IDT 2020 FootballObjects.Field.addMyTeam: The team for field : rus id : 0was added to the home teams list.
Mon May 11 17:18:26 IDT 2020 FootballObjects.Team.Team.addAsset: New asset wae added to team :Navi , id :0Asset details : @name:rus , id : 0
Mon May 11 17:18:26 IDT 2020 FootballObjects.Field.addMyTeam: The team for field : ukr id : 1was added to the home teams list.
Mon May 11 17:18:26 IDT 2020 FootballObjects.Team.Team.addAsset: New asset wae added to team :VP , id :0Asset details : @name:ukr , id : 1
Mon May 11 17:18:26 IDT 2020 Users.FootballAssociation.initLeague: Football assosiation -Init new League. Name:Major
Mon May 11 17:18:26 IDT 2020 FootballObjects.Team.DefaultAllocate.setTeamPolicy: League Information inaugural games for the league- home and away games for each league team
Mon May 11 17:18:26 IDT 2020 FootballObjects.Game.registerFanToAlert: Fan fan (id: 2) register to receive a game (id: 1) alert
Mon May 11 17:18:26 IDT 2020 FootballObjects.Game.registerFanToAlert: Fan fan (id: 2) register to receive a game (id: 2) alert
Mon May 11 17:18:26 IDT 2020 FootballObjects.Game.registerRefereeToAlert: Referee Invoker (id: 2) register to receive a game (id: 1) alert
Mon May 11 17:18:26 IDT 2020 Users.Referee.addGame: a Game added to referee list. Referee's username:Invoker
Mon May 11 17:18:26 IDT 2020 FootballObjects.Game.registerRefereeToAlert: Referee Invoker2 (id: 2) register to receive a game (id: 1) alert
Mon May 11 17:18:26 IDT 2020 Users.Referee.addGame: a Game added to referee list. Referee's username:Invoker2
Mon May 11 17:18:26 IDT 2020 FootballObjects.Game.registerRefereeToAlert: Referee Invoker3 (id: 2) register to receive a game (id: 1) alert
Mon May 11 17:18:26 IDT 2020 Users.Referee.addGame: a Game added to referee list. Referee's username:Invoker3
Mon May 11 17:18:26 IDT 2020 FootballObjects.Game.registerRefereeToAlert: Referee Invoker (id: 2) register to receive a game (id: 2) alert
Mon May 11 17:18:26 IDT 2020 Users.Referee.addGame: a Game added to referee list. Referee's username:Invoker
Mon May 11 17:18:26 IDT 2020 FootballObjects.Game.registerRefereeToAlert: Referee Invoker2 (id: 2) register to receive a game (id: 2) alert
Mon May 11 17:18:26 IDT 2020 Users.Referee.addGame: a Game added to referee list. Referee's username:Invoker2
Mon May 11 17:18:26 IDT 2020 FootballObjects.Game.registerRefereeToAlert: Referee Invoker3 (id: 2) register to receive a game (id: 2) alert
Mon May 11 17:18:26 IDT 2020 Users.Referee.addGame: a Game added to referee list. Referee's username:Invoker3
Mon May 11 17:18:26 IDT 2020 FootballObjects.LeagueInformation.schedulingReferee: League information- The referees inaugural season was successfully completed. League name: Major
Mon May 11 17:18:35 IDT 2020 Users.User.setStatus: Invoker(id: 2) update his status
Mon May 11 17:18:35 IDT 2020 Controller.login: User log in to the system. id(2).
Mon May 11 17:18:47 IDT 2020 FootballObjects.Event.AEvent.<init>: New Event was created. (1)
Mon May 11 17:18:47 IDT 2020 FootballObjects.Event.EventLog.addEventToLog: Event was added to eventLog. Id:1
Mon May 11 17:18:47 IDT 2020 Users.Fan.update: Fan was updated about a msg. username's fan:fan
Mon May 11 17:18:47 IDT 2020 Users.Referee.addEventMidGame: Event was added to the log event game 1 by the referee Invoker.
Mon May 11 17:18:55 IDT 2020 FootballObjects.Event.AEvent.<init>: New Event was created. (2)
Mon May 11 17:18:55 IDT 2020 FootballObjects.Event.EventLog.addEventToLog: Event was added to eventLog. Id:2
Mon May 11 17:18:55 IDT 2020 Users.Fan.update: Fan was updated about a msg. username's fan:fan
Mon May 11 17:18:55 IDT 2020 Users.Referee.addEventMidGame: Event was added to the log event game 1 by the referee Invoker.
Mon May 11 17:19:07 IDT 2020 FootballObjects.Event.AEvent.<init>: New Event was created. (3)
Mon May 11 17:19:07 IDT 2020 FootballObjects.Event.EventLog.addEventToLog: Event was added to eventLog. Id:3
Mon May 11 17:19:07 IDT 2020 Users.Fan.update: Fan was updated about a msg. username's fan:fan
Mon May 11 17:19:07 IDT 2020 Users.Referee.addEventMidGame: Event was added to the log event game 1 by the referee Invoker.
Mon May 11 17:19:15 IDT 2020 Users.User.setStatus: fan(id: 2) update his status
Mon May 11 17:19:15 IDT 2020 Controller.login: User log in to the system. id(2).
Mon May 11 17:20:24 IDT 2020 Controller.initSystem: Successfully connected to Tax System
Mon May 11 17:20:24 IDT 2020 Controller.initSystem: Successfully connected to Accounting System
Mon May 11 17:20:24 IDT 2020 Controller.signUp: A new user signUp to the system. (1,Pudge).
Mon May 11 17:20:24 IDT 2020 Users.User.setStatus: Administrator(id: 0) update his status
Mon May 11 17:20:24 IDT 2020 Controller.login: User log in to the system. id(0).
Mon May 11 17:20:24 IDT 2020 Users.SystemManager.createNewTeamOwner: Add a new TeamOwner : Puck
Mon May 11 17:20:24 IDT 2020 Users.SystemManager.createNewFootballAssociation: Add a new Football Association : PA
Mon May 11 17:20:24 IDT 2020 Users.SystemManager.createNewReferee: Add a new Referee : Invoker
Mon May 11 17:20:24 IDT 2020 Users.SystemManager.createNewReferee: Add a new Referee : Invoker2
Mon May 11 17:20:24 IDT 2020 Users.SystemManager.createNewReferee: Add a new Referee : Invoker3
Mon May 11 17:20:24 IDT 2020 Controller.signUp: A new user signUp to the system. (2,fan).
Mon May 11 17:20:24 IDT 2020 Users.TeamOwner.addTeamToMyTeamList: Team : Navi , id :0was added to the teams list of : Puck , id :4
Mon May 11 17:20:24 IDT 2020 Users.TeamOwner.addTeamToMyTeamList: Team : VP , id :0was added to the teams list of : Puck , id :4
Mon May 11 17:20:24 IDT 2020 FootballObjects.Field.addMyTeam: The team for field : rus id : 0was added to the home teams list.
Mon May 11 17:20:24 IDT 2020 FootballObjects.Team.Team.addAsset: New asset wae added to team :Navi , id :0Asset details : @name:rus , id : 0
Mon May 11 17:20:24 IDT 2020 FootballObjects.Field.addMyTeam: The team for field : ukr id : 1was added to the home teams list.
Mon May 11 17:20:24 IDT 2020 FootballObjects.Team.Team.addAsset: New asset wae added to team :VP , id :0Asset details : @name:ukr , id : 1
Mon May 11 17:20:24 IDT 2020 Users.FootballAssociation.initLeague: Football assosiation -Init new League. Name:Major
Mon May 11 17:20:24 IDT 2020 FootballObjects.Team.DefaultAllocate.setTeamPolicy: League Information inaugural games for the league- home and away games for each league team
Mon May 11 17:20:24 IDT 2020 FootballObjects.Game.registerFanToAlert: Fan fan (id: 2) register to receive a game (id: 1) alert
Mon May 11 17:20:24 IDT 2020 FootballObjects.Game.registerFanToAlert: Fan fan (id: 2) register to receive a game (id: 2) alert
Mon May 11 17:20:24 IDT 2020 FootballObjects.Game.registerRefereeToAlert: Referee Invoker (id: 2) register to receive a game (id: 1) alert
Mon May 11 17:20:24 IDT 2020 Users.Referee.addGame: a Game added to referee list. Referee's username:Invoker
Mon May 11 17:20:24 IDT 2020 FootballObjects.Game.registerRefereeToAlert: Referee Invoker2 (id: 2) register to receive a game (id: 1) alert
Mon May 11 17:20:24 IDT 2020 Users.Referee.addGame: a Game added to referee list. Referee's username:Invoker2
Mon May 11 17:20:24 IDT 2020 FootballObjects.Game.registerRefereeToAlert: Referee Invoker3 (id: 2) register to receive a game (id: 1) alert
Mon May 11 17:20:24 IDT 2020 Users.Referee.addGame: a Game added to referee list. Referee's username:Invoker3
Mon May 11 17:20:24 IDT 2020 FootballObjects.Game.registerRefereeToAlert: Referee Invoker (id: 2) register to receive a game (id: 2) alert
Mon May 11 17:20:24 IDT 2020 Users.Referee.addGame: a Game added to referee list. Referee's username:Invoker
Mon May 11 17:20:24 IDT 2020 FootballObjects.Game.registerRefereeToAlert: Referee Invoker2 (id: 2) register to receive a game (id: 2) alert
Mon May 11 17:20:24 IDT 2020 Users.Referee.addGame: a Game added to referee list. Referee's username:Invoker2
Mon May 11 17:20:24 IDT 2020 FootballObjects.Game.registerRefereeToAlert: Referee Invoker3 (id: 2) register to receive a game (id: 2) alert
Mon May 11 17:20:24 IDT 2020 Users.Referee.addGame: a Game added to referee list. Referee's username:Invoker3
Mon May 11 17:20:24 IDT 2020 FootballObjects.LeagueInformation.schedulingReferee: League information- The referees inaugural season was successfully completed. League name: Major
Mon May 11 17:20:38 IDT 2020 Users.User.setStatus: Invoker(id: 2) update his status
Mon May 11 17:20:38 IDT 2020 Controller.login: User log in to the system. id(2).
Mon May 11 17:20:47 IDT 2020 FootballObjects.Event.AEvent.<init>: New Event was created. (1)
Mon May 11 17:20:47 IDT 2020 FootballObjects.Event.EventLog.addEventToLog: Event was added to eventLog. Id:1
Mon May 11 17:21:32 IDT 2020 Users.Fan.update: Fan was updated about a msg. username's fan:fan
Mon May 11 17:21:34 IDT 2020 Users.Referee.addEventMidGame: Event was added to the log event game 1 by the referee Invoker.
Mon May 11 17:21:49 IDT 2020 FootballObjects.Event.AEvent.<init>: New Event was created. (2)
Mon May 11 17:21:49 IDT 2020 FootballObjects.Event.EventLog.addEventToLog: Event was added to eventLog. Id:2
Mon May 11 17:22:29 IDT 2020 Users.Fan.update: Fan was updated about a msg. username's fan:fan
Mon May 11 17:22:29 IDT 2020 Users.Referee.addEventMidGame: Event was added to the log event game 1 by the referee Invoker.
Mon May 11 17:22:42 IDT 2020 FootballObjects.Event.AEvent.<init>: New Event was created. (3)
Mon May 11 17:22:42 IDT 2020 FootballObjects.Event.EventLog.addEventToLog: Event was added to eventLog. Id:3
Mon May 11 17:22:53 IDT 2020 Users.Fan.update: Fan was updated about a msg. username's fan:fan
Mon May 11 17:22:53 IDT 2020 Users.Referee.addEventMidGame: Event was added to the log event game 1 by the referee Invoker.
Mon May 11 17:24:52 IDT 2020 Controller.initSystem: Successfully connected to Tax System
Mon May 11 17:24:52 IDT 2020 Controller.initSystem: Successfully connected to Accounting System
Mon May 11 17:24:52 IDT 2020 Controller.signUp: A new user signUp to the system. (1,Pudge).
Mon May 11 17:24:52 IDT 2020 Users.User.setStatus: Administrator(id: 0) update his status
Mon May 11 17:24:52 IDT 2020 Controller.login: User log in to the system. id(0).
Mon May 11 17:24:52 IDT 2020 Users.SystemManager.createNewTeamOwner: Add a new TeamOwner : Puck
Mon May 11 17:24:52 IDT 2020 Users.SystemManager.createNewFootballAssociation: Add a new Football Association : PA
Mon May 11 17:24:52 IDT 2020 Users.SystemManager.createNewReferee: Add a new Referee : Invoker
Mon May 11 17:24:52 IDT 2020 Users.SystemManager.createNewReferee: Add a new Referee : Invoker2
Mon May 11 17:24:52 IDT 2020 Users.SystemManager.createNewReferee: Add a new Referee : Invoker3
Mon May 11 17:24:52 IDT 2020 Controller.signUp: A new user signUp to the system. (2,fan).
Mon May 11 17:24:52 IDT 2020 Users.TeamOwner.addTeamToMyTeamList: Team : Navi , id :0was added to the teams list of : Puck , id :4
Mon May 11 17:24:52 IDT 2020 Users.TeamOwner.addTeamToMyTeamList: Team : VP , id :0was added to the teams list of : Puck , id :4
Mon May 11 17:24:52 IDT 2020 FootballObjects.Field.addMyTeam: The team for field : rus id : 0was added to the home teams list.
Mon May 11 17:24:52 IDT 2020 FootballObjects.Team.Team.addAsset: New asset wae added to team :Navi , id :0Asset details : @name:rus , id : 0
Mon May 11 17:24:52 IDT 2020 FootballObjects.Field.addMyTeam: The team for field : ukr id : 1was added to the home teams list.
Mon May 11 17:24:52 IDT 2020 FootballObjects.Team.Team.addAsset: New asset wae added to team :VP , id :0Asset details : @name:ukr , id : 1
Mon May 11 17:24:52 IDT 2020 Users.FootballAssociation.initLeague: Football assosiation -Init new League. Name:Major
Mon May 11 17:24:52 IDT 2020 FootballObjects.Team.DefaultAllocate.setTeamPolicy: League Information inaugural games for the league- home and away games for each league team
Mon May 11 17:24:52 IDT 2020 FootballObjects.Game.registerFanToAlert: Fan fan (id: 2) register to receive a game (id: 1) alert
Mon May 11 17:24:52 IDT 2020 FootballObjects.Game.registerFanToAlert: Fan fan (id: 2) register to receive a game (id: 2) alert
Mon May 11 17:24:52 IDT 2020 FootballObjects.Game.registerRefereeToAlert: Referee Invoker (id: 2) register to receive a game (id: 1) alert
Mon May 11 17:24:52 IDT 2020 Users.Referee.addGame: a Game added to referee list. Referee's username:Invoker
Mon May 11 17:24:52 IDT 2020 FootballObjects.Game.registerRefereeToAlert: Referee Invoker2 (id: 2) register to receive a game (id: 1) alert
Mon May 11 17:24:52 IDT 2020 Users.Referee.addGame: a Game added to referee list. Referee's username:Invoker2
Mon May 11 17:24:52 IDT 2020 FootballObjects.Game.registerRefereeToAlert: Referee Invoker3 (id: 2) register to receive a game (id: 1) alert
Mon May 11 17:24:52 IDT 2020 Users.Referee.addGame: a Game added to referee list. Referee's username:Invoker3
Mon May 11 17:24:52 IDT 2020 FootballObjects.Game.registerRefereeToAlert: Referee Invoker (id: 2) register to receive a game (id: 2) alert
Mon May 11 17:24:52 IDT 2020 Users.Referee.addGame: a Game added to referee list. Referee's username:Invoker
Mon May 11 17:24:52 IDT 2020 FootballObjects.Game.registerRefereeToAlert: Referee Invoker2 (id: 2) register to receive a game (id: 2) alert
Mon May 11 17:24:52 IDT 2020 Users.Referee.addGame: a Game added to referee list. Referee's username:Invoker2
Mon May 11 17:24:52 IDT 2020 FootballObjects.Game.registerRefereeToAlert: Referee Invoker3 (id: 2) register to receive a game (id: 2) alert
Mon May 11 17:24:52 IDT 2020 Users.Referee.addGame: a Game added to referee list. Referee's username:Invoker3
Mon May 11 17:24:52 IDT 2020 FootballObjects.LeagueInformation.schedulingReferee: League information- The referees inaugural season was successfully completed. League name: Major
Mon May 11 17:25:08 IDT 2020 Controller.initSystem: Successfully connected to Tax System
Mon May 11 17:25:08 IDT 2020 Controller.initSystem: Successfully connected to Accounting System
Mon May 11 17:25:08 IDT 2020 Controller.signUp: A new user signUp to the system. (1,Pudge).
Mon May 11 17:25:08 IDT 2020 Users.User.setStatus: Administrator(id: 0) update his status
Mon May 11 17:25:08 IDT 2020 Controller.login: User log in to the system. id(0).
Mon May 11 17:25:08 IDT 2020 Users.SystemManager.createNewTeamOwner: Add a new TeamOwner : Puck
Mon May 11 17:25:08 IDT 2020 Users.SystemManager.createNewFootballAssociation: Add a new Football Association : PA
Mon May 11 17:25:08 IDT 2020 Users.SystemManager.createNewReferee: Add a new Referee : Invoker
Mon May 11 17:25:08 IDT 2020 Users.SystemManager.createNewReferee: Add a new Referee : Invoker2
Mon May 11 17:25:08 IDT 2020 Users.SystemManager.createNewReferee: Add a new Referee : Invoker3
Mon May 11 17:25:08 IDT 2020 Controller.signUp: A new user signUp to the system. (2,fan).
Mon May 11 17:25:08 IDT 2020 Users.TeamOwner.addTeamToMyTeamList: Team : Navi , id :0was added to the teams list of : Puck , id :4
Mon May 11 17:25:08 IDT 2020 Users.TeamOwner.addTeamToMyTeamList: Team : VP , id :0was added to the teams list of : Puck , id :4
Mon May 11 17:25:08 IDT 2020 FootballObjects.Field.addMyTeam: The team for field : rus id : 0was added to the home teams list.
Mon May 11 17:25:08 IDT 2020 FootballObjects.Team.Team.addAsset: New asset wae added to team :Navi , id :0Asset details : @name:rus , id : 0
Mon May 11 17:25:08 IDT 2020 FootballObjects.Field.addMyTeam: The team for field : ukr id : 1was added to the home teams list.
Mon May 11 17:25:08 IDT 2020 FootballObjects.Team.Team.addAsset: New asset wae added to team :VP , id :0Asset details : @name:ukr , id : 1
Mon May 11 17:25:08 IDT 2020 Users.FootballAssociation.initLeague: Football assosiation -Init new League. Name:Major
Mon May 11 17:25:08 IDT 2020 FootballObjects.Team.DefaultAllocate.setTeamPolicy: League Information inaugural games for the league- home and away games for each league team
Mon May 11 17:25:08 IDT 2020 FootballObjects.Game.registerFanToAlert: Fan fan (id: 2) register to receive a game (id: 1) alert
Mon May 11 17:25:08 IDT 2020 FootballObjects.Game.registerFanToAlert: Fan fan (id: 2) register to receive a game (id: 2) alert
Mon May 11 17:25:08 IDT 2020 FootballObjects.Game.registerRefereeToAlert: Referee Invoker (id: 2) register to receive a game (id: 1) alert
Mon May 11 17:25:08 IDT 2020 Users.Referee.addGame: a Game added to referee list. Referee's username:Invoker
Mon May 11 17:25:08 IDT 2020 FootballObjects.Game.registerRefereeToAlert: Referee Invoker2 (id: 2) register to receive a game (id: 1) alert
Mon May 11 17:25:08 IDT 2020 Users.Referee.addGame: a Game added to referee list. Referee's username:Invoker2
Mon May 11 17:25:08 IDT 2020 FootballObjects.Game.registerRefereeToAlert: Referee Invoker3 (id: 2) register to receive a game (id: 1) alert
Mon May 11 17:25:08 IDT 2020 Users.Referee.addGame: a Game added to referee list. Referee's username:Invoker3
Mon May 11 17:25:08 IDT 2020 FootballObjects.Game.registerRefereeToAlert: Referee Invoker (id: 2) register to receive a game (id: 2) alert
Mon May 11 17:25:08 IDT 2020 Users.Referee.addGame: a Game added to referee list. Referee's username:Invoker
Mon May 11 17:25:08 IDT 2020 FootballObjects.Game.registerRefereeToAlert: Referee Invoker2 (id: 2) register to receive a game (id: 2) alert
Mon May 11 17:25:08 IDT 2020 Users.Referee.addGame: a Game added to referee list. Referee's username:Invoker2
Mon May 11 17:25:08 IDT 2020 FootballObjects.Game.registerRefereeToAlert: Referee Invoker3 (id: 2) register to receive a game (id: 2) alert
Mon May 11 17:25:08 IDT 2020 Users.Referee.addGame: a Game added to referee list. Referee's username:Invoker3
Mon May 11 17:25:08 IDT 2020 FootballObjects.LeagueInformation.schedulingReferee: League information- The referees inaugural season was successfully completed. League name: Major
Mon May 11 17:25:16 IDT 2020 Users.User.setStatus: Invoker(id: 2) update his status
Mon May 11 17:25:16 IDT 2020 Controller.login: User log in to the system. id(2).
Mon May 11 17:25:26 IDT 2020 FootballObjects.Event.AEvent.<init>: New Event was created. (1)
Mon May 11 17:25:26 IDT 2020 FootballObjects.Event.EventLog.addEventToLog: Event was added to eventLog. Id:1
Mon May 11 17:25:26 IDT 2020 Users.Fan.update: Fan was updated about a msg. username's fan:fan
Mon May 11 17:25:26 IDT 2020 Users.Referee.addEventMidGame: Event was added to the log event game 1 by the referee Invoker.
Mon May 11 17:25:35 IDT 2020 FootballObjects.Event.AEvent.<init>: New Event was created. (2)
Mon May 11 17:25:35 IDT 2020 FootballObjects.Event.EventLog.addEventToLog: Event was added to eventLog. Id:2
Mon May 11 17:25:35 IDT 2020 Users.Fan.update: Fan was updated about a msg. username's fan:fan
Mon May 11 17:25:35 IDT 2020 Users.Referee.addEventMidGame: Event was added to the log event game 1 by the referee Invoker.
Mon May 11 17:25:42 IDT 2020 FootballObjects.Event.AEvent.<init>: New Event was created. (3)
Mon May 11 17:25:42 IDT 2020 FootballObjects.Event.EventLog.addEventToLog: Event was added to eventLog. Id:3
Mon May 11 17:25:42 IDT 2020 Users.Fan.update: Fan was updated about a msg. username's fan:fan
Mon May 11 17:25:42 IDT 2020 Users.Referee.addEventMidGame: Event was added to the log event game 1 by the referee Invoker.
Mon May 11 17:25:52 IDT 2020 Users.User.setStatus: fan(id: 2) update his status
Mon May 11 17:25:52 IDT 2020 Controller.login: User log in to the system. id(2).
Mon May 11 17:42:06 IDT 2020 Controller.initSystem: Successfully connected to Tax System
Mon May 11 17:42:06 IDT 2020 Controller.initSystem: Successfully connected to Accounting System
Mon May 11 17:42:06 IDT 2020 Controller.signUp: A new user signUp to the system. (1,Pudge).
Mon May 11 17:42:06 IDT 2020 Users.User.setStatus: Administrator(id: 0) update his status
Mon May 11 17:42:06 IDT 2020 Controller.login: User log in to the system. id(0).
Mon May 11 17:42:06 IDT 2020 Users.SystemManager.createNewTeamOwner: Add a new TeamOwner : Puck
Mon May 11 17:42:06 IDT 2020 Users.SystemManager.createNewFootballAssociation: Add a new Football Association : PA
Mon May 11 17:42:06 IDT 2020 Users.SystemManager.createNewReferee: Add a new Referee : Invoker
Mon May 11 17:42:06 IDT 2020 Users.SystemManager.createNewReferee: Add a new Referee : Invoker2
Mon May 11 17:42:06 IDT 2020 Users.SystemManager.createNewReferee: Add a new Referee : Invoker3
Mon May 11 17:42:06 IDT 2020 Controller.signUp: A new user signUp to the system. (2,fan).
Mon May 11 17:42:06 IDT 2020 Users.TeamOwner.addTeamToMyTeamList: Team : Navi , id :0was added to the teams list of : Puck , id :4
Mon May 11 17:42:06 IDT 2020 Users.TeamOwner.addTeamToMyTeamList: Team : VP , id :0was added to the teams list of : Puck , id :4
Mon May 11 17:42:06 IDT 2020 FootballObjects.Field.addMyTeam: The team for field : rus id : 0was added to the home teams list.
Mon May 11 17:42:06 IDT 2020 FootballObjects.Team.Team.addAsset: New asset wae added to team :Navi , id :0Asset details : @name:rus , id : 0
Mon May 11 17:42:06 IDT 2020 FootballObjects.Field.addMyTeam: The team for field : ukr id : 1was added to the home teams list.
Mon May 11 17:42:06 IDT 2020 FootballObjects.Team.Team.addAsset: New asset wae added to team :VP , id :0Asset details : @name:ukr , id : 1
Mon May 11 17:42:06 IDT 2020 Users.FootballAssociation.initLeague: Football assosiation -Init new League. Name:Major
Mon May 11 17:42:06 IDT 2020 FootballObjects.Team.DefaultAllocate.setTeamPolicy: League Information inaugural games for the league- home and away games for each league team
Mon May 11 17:42:06 IDT 2020 FootballObjects.Game.registerFanToAlert: Fan fan (id: 2) register to receive a game (id: 1) alert
Mon May 11 17:42:06 IDT 2020 FootballObjects.Game.registerFanToAlert: Fan fan (id: 2) register to receive a game (id: 2) alert
Mon May 11 17:42:06 IDT 2020 FootballObjects.Game.registerRefereeToAlert: Referee Invoker (id: 2) register to receive a game (id: 1) alert
Mon May 11 17:42:06 IDT 2020 Users.Referee.addGame: a Game added to referee list. Referee's username:Invoker
Mon May 11 17:42:06 IDT 2020 FootballObjects.Game.registerRefereeToAlert: Referee Invoker2 (id: 2) register to receive a game (id: 1) alert
Mon May 11 17:42:06 IDT 2020 Users.Referee.addGame: a Game added to referee list. Referee's username:Invoker2
Mon May 11 17:42:06 IDT 2020 FootballObjects.Game.registerRefereeToAlert: Referee Invoker3 (id: 2) register to receive a game (id: 1) alert
Mon May 11 17:42:06 IDT 2020 Users.Referee.addGame: a Game added to referee list. Referee's username:Invoker3
Mon May 11 17:42:06 IDT 2020 FootballObjects.Game.registerRefereeToAlert: Referee Invoker (id: 2) register to receive a game (id: 2) alert
Mon May 11 17:42:06 IDT 2020 Users.Referee.addGame: a Game added to referee list. Referee's username:Invoker
Mon May 11 17:42:06 IDT 2020 FootballObjects.Game.registerRefereeToAlert: Referee Invoker2 (id: 2) register to receive a game (id: 2) alert
Mon May 11 17:42:06 IDT 2020 Users.Referee.addGame: a Game added to referee list. Referee's username:Invoker2
Mon May 11 17:42:06 IDT 2020 FootballObjects.Game.registerRefereeToAlert: Referee Invoker3 (id: 2) register to receive a game (id: 2) alert
Mon May 11 17:42:06 IDT 2020 Users.Referee.addGame: a Game added to referee list. Referee's username:Invoker3
Mon May 11 17:42:06 IDT 2020 FootballObjects.LeagueInformation.schedulingReferee: League information- The referees inaugural season was successfully completed. League name: Major
Mon May 11 17:42:13 IDT 2020 Users.User.setStatus: fan(id: 2) update his status
Mon May 11 17:42:13 IDT 2020 Controller.login: User log in to the system. id(2).
Mon May 11 17:42:20 IDT 2020 Controller.initSystem: Successfully connected to Tax System
Mon May 11 17:42:20 IDT 2020 Controller.initSystem: Successfully connected to Accounting System
Mon May 11 17:42:20 IDT 2020 Controller.signUp: A new user signUp to the system. (1,Pudge).
Mon May 11 17:42:20 IDT 2020 Users.User.setStatus: Administrator(id: 0) update his status
Mon May 11 17:42:20 IDT 2020 Controller.login: User log in to the system. id(0).
Mon May 11 17:42:20 IDT 2020 Users.SystemManager.createNewTeamOwner: Add a new TeamOwner : Puck
Mon May 11 17:42:20 IDT 2020 Users.SystemManager.createNewFootballAssociation: Add a new Football Association : PA
Mon May 11 17:42:20 IDT 2020 Users.SystemManager.createNewReferee: Add a new Referee : Invoker
Mon May 11 17:42:20 IDT 2020 Users.SystemManager.createNewReferee: Add a new Referee : Invoker2
Mon May 11 17:42:20 IDT 2020 Users.SystemManager.createNewReferee: Add a new Referee : Invoker3
Mon May 11 17:42:20 IDT 2020 Controller.signUp: A new user signUp to the system. (2,fan).
Mon May 11 17:42:20 IDT 2020 Users.TeamOwner.addTeamToMyTeamList: Team : Navi , id :0was added to the teams list of : Puck , id :4
Mon May 11 17:42:20 IDT 2020 Users.TeamOwner.addTeamToMyTeamList: Team : VP , id :0was added to the teams list of : Puck , id :4
Mon May 11 17:42:20 IDT 2020 FootballObjects.Field.addMyTeam: The team for field : rus id : 0was added to the home teams list.
Mon May 11 17:42:20 IDT 2020 FootballObjects.Team.Team.addAsset: New asset wae added to team :Navi , id :0Asset details : @name:rus , id : 0
Mon May 11 17:42:20 IDT 2020 FootballObjects.Field.addMyTeam: The team for field : ukr id : 1was added to the home teams list.
Mon May 11 17:42:20 IDT 2020 FootballObjects.Team.Team.addAsset: New asset wae added to team :VP , id :0Asset details : @name:ukr , id : 1
Mon May 11 17:42:20 IDT 2020 Users.FootballAssociation.initLeague: Football assosiation -Init new League. Name:Major
Mon May 11 17:42:20 IDT 2020 FootballObjects.Team.DefaultAllocate.setTeamPolicy: League Information inaugural games for the league- home and away games for each league team
Mon May 11 17:42:20 IDT 2020 FootballObjects.Game.registerFanToAlert: Fan fan (id: 2) register to receive a game (id: 1) alert
Mon May 11 17:42:20 IDT 2020 FootballObjects.Game.registerFanToAlert: Fan fan (id: 2) register to receive a game (id: 2) alert
Mon May 11 17:42:20 IDT 2020 FootballObjects.Game.registerRefereeToAlert: Referee Invoker (id: 2) register to receive a game (id: 1) alert
Mon May 11 17:42:20 IDT 2020 Users.Referee.addGame: a Game added to referee list. Referee's username:Invoker
Mon May 11 17:42:20 IDT 2020 FootballObjects.Game.registerRefereeToAlert: Referee Invoker2 (id: 2) register to receive a game (id: 1) alert
Mon May 11 17:42:20 IDT 2020 Users.Referee.addGame: a Game added to referee list. Referee's username:Invoker2
Mon May 11 17:42:20 IDT 2020 FootballObjects.Game.registerRefereeToAlert: Referee Invoker3 (id: 2) register to receive a game (id: 1) alert
Mon May 11 17:42:20 IDT 2020 Users.Referee.addGame: a Game added to referee list. Referee's username:Invoker3
Mon May 11 17:42:20 IDT 2020 FootballObjects.Game.registerRefereeToAlert: Referee Invoker (id: 2) register to receive a game (id: 2) alert
Mon May 11 17:42:20 IDT 2020 Users.Referee.addGame: a Game added to referee list. Referee's username:Invoker
Mon May 11 17:42:20 IDT 2020 FootballObjects.Game.registerRefereeToAlert: Referee Invoker2 (id: 2) register to receive a game (id: 2) alert
Mon May 11 17:42:20 IDT 2020 Users.Referee.addGame: a Game added to referee list. Referee's username:Invoker2
Mon May 11 17:42:20 IDT 2020 FootballObjects.Game.registerRefereeToAlert: Referee Invoker3 (id: 2) register to receive a game (id: 2) alert
Mon May 11 17:42:20 IDT 2020 Users.Referee.addGame: a Game added to referee list. Referee's username:Invoker3
Mon May 11 17:42:20 IDT 2020 FootballObjects.LeagueInformation.schedulingReferee: League information- The referees inaugural season was successfully completed. League name: Major
Mon May 11 17:42:27 IDT 2020 Users.User.setStatus: Invoker(id: 2) update his status
Mon May 11 17:42:27 IDT 2020 Controller.login: User log in to the system. id(2).
Mon May 11 17:42:37 IDT 2020 FootballObjects.Event.AEvent.<init>: New Event was created. (1)
Mon May 11 17:42:37 IDT 2020 FootballObjects.Event.EventLog.addEventToLog: Event was added to eventLog. Id:1
Mon May 11 17:42:37 IDT 2020 Users.Fan.update: Fan was updated about a msg. username's fan:fan
Mon May 11 17:42:37 IDT 2020 Users.Referee.addEventMidGame: Event was added to the log event game 1 by the referee Invoker.
Mon May 11 17:42:42 IDT 2020 FootballObjects.Event.AEvent.<init>: New Event was created. (2)
Mon May 11 17:42:42 IDT 2020 FootballObjects.Event.EventLog.addEventToLog: Event was added to eventLog. Id:2
Mon May 11 17:42:42 IDT 2020 Users.Fan.update: Fan was updated about a msg. username's fan:fan
Mon May 11 17:42:42 IDT 2020 Users.Referee.addEventMidGame: Event was added to the log event game 1 by the referee Invoker.
Mon May 11 17:42:47 IDT 2020 FootballObjects.Event.AEvent.<init>: New Event was created. (3)
Mon May 11 17:42:47 IDT 2020 FootballObjects.Event.EventLog.addEventToLog: Event was added to eventLog. Id:3
Mon May 11 17:42:47 IDT 2020 Users.Fan.update: Fan was updated about a msg. username's fan:fan
Mon May 11 17:42:47 IDT 2020 Users.Referee.addEventMidGame: Event was added to the log event game 1 by the referee Invoker.
Mon May 11 17:42:54 IDT 2020 Users.User.setStatus: fan(id: 2) update his status
Mon May 11 17:42:54 IDT 2020 Controller.login: User log in to the system. id(2).
Mon May 11 17:43:41 IDT 2020 Controller.initSystem: Successfully connected to Tax System
Mon May 11 17:43:41 IDT 2020 Controller.initSystem: Successfully connected to Accounting System
Mon May 11 17:43:41 IDT 2020 Controller.signUp: A new user signUp to the system. (1,Pudge).
Mon May 11 17:43:41 IDT 2020 Users.User.setStatus: Administrator(id: 0) update his status
Mon May 11 17:43:41 IDT 2020 Controller.login: User log in to the system. id(0).
Mon May 11 17:43:41 IDT 2020 Users.SystemManager.createNewTeamOwner: Add a new TeamOwner : Puck
Mon May 11 17:43:41 IDT 2020 Users.SystemManager.createNewFootballAssociation: Add a new Football Association : PA
Mon May 11 17:43:41 IDT 2020 Users.SystemManager.createNewReferee: Add a new Referee : Invoker
Mon May 11 17:43:41 IDT 2020 Users.SystemManager.createNewReferee: Add a new Referee : Invoker2
Mon May 11 17:43:41 IDT 2020 Users.SystemManager.createNewReferee: Add a new Referee : Invoker3
Mon May 11 17:43:41 IDT 2020 Controller.signUp: A new user signUp to the system. (2,fan).
Mon May 11 17:43:41 IDT 2020 Users.TeamOwner.addTeamToMyTeamList: Team : Navi , id :0was added to the teams list of : Puck , id :4
Mon May 11 17:43:41 IDT 2020 Users.TeamOwner.addTeamToMyTeamList: Team : VP , id :0was added to the teams list of : Puck , id :4
Mon May 11 17:43:41 IDT 2020 FootballObjects.Field.addMyTeam: The team for field : rus id : 0was added to the home teams list.
Mon May 11 17:43:41 IDT 2020 FootballObjects.Team.Team.addAsset: New asset wae added to team :Navi , id :0Asset details : @name:rus , id : 0
Mon May 11 17:43:41 IDT 2020 FootballObjects.Field.addMyTeam: The team for field : ukr id : 1was added to the home teams list.
Mon May 11 17:43:41 IDT 2020 FootballObjects.Team.Team.addAsset: New asset wae added to team :VP , id :0Asset details : @name:ukr , id : 1
Mon May 11 17:43:41 IDT 2020 Users.FootballAssociation.initLeague: Football assosiation -Init new League. Name:Major
Mon May 11 17:43:41 IDT 2020 FootballObjects.Team.DefaultAllocate.setTeamPolicy: League Information inaugural games for the league- home and away games for each league team
Mon May 11 17:43:41 IDT 2020 FootballObjects.Game.registerFanToAlert: Fan fan (id: 2) register to receive a game (id: 1) alert
Mon May 11 17:43:41 IDT 2020 FootballObjects.Game.registerFanToAlert: Fan fan (id: 2) register to receive a game (id: 2) alert
Mon May 11 17:43:41 IDT 2020 FootballObjects.Game.registerRefereeToAlert: Referee Invoker (id: 2) register to receive a game (id: 1) alert
Mon May 11 17:43:41 IDT 2020 Users.Referee.addGame: a Game added to referee list. Referee's username:Invoker
Mon May 11 17:43:41 IDT 2020 FootballObjects.Game.registerRefereeToAlert: Referee Invoker2 (id: 2) register to receive a game (id: 1) alert
Mon May 11 17:43:41 IDT 2020 Users.Referee.addGame: a Game added to referee list. Referee's username:Invoker2
Mon May 11 17:43:41 IDT 2020 FootballObjects.Game.registerRefereeToAlert: Referee Invoker3 (id: 2) register to receive a game (id: 1) alert
Mon May 11 17:43:41 IDT 2020 Users.Referee.addGame: a Game added to referee list. Referee's username:Invoker3
Mon May 11 17:43:41 IDT 2020 FootballObjects.Game.registerRefereeToAlert: Referee Invoker (id: 2) register to receive a game (id: 2) alert
Mon May 11 17:43:41 IDT 2020 Users.Referee.addGame: a Game added to referee list. Referee's username:Invoker
Mon May 11 17:43:41 IDT 2020 FootballObjects.Game.registerRefereeToAlert: Referee Invoker2 (id: 2) register to receive a game (id: 2) alert
Mon May 11 17:43:41 IDT 2020 Users.Referee.addGame: a Game added to referee list. Referee's username:Invoker2
Mon May 11 17:43:41 IDT 2020 FootballObjects.Game.registerRefereeToAlert: Referee Invoker3 (id: 2) register to receive a game (id: 2) alert
Mon May 11 17:43:41 IDT 2020 Users.Referee.addGame: a Game added to referee list. Referee's username:Invoker3
Mon May 11 17:43:41 IDT 2020 FootballObjects.LeagueInformation.schedulingReferee: League information- The referees inaugural season was successfully completed. League name: Major
Mon May 11 17:43:50 IDT 2020 Users.User.setStatus: Invoker(id: 2) update his status
Mon May 11 17:43:50 IDT 2020 Controller.login: User log in to the system. id(2).
Mon May 11 17:43:58 IDT 2020 FootballObjects.Event.AEvent.<init>: New Event was created. (1)
Mon May 11 17:43:58 IDT 2020 FootballObjects.Event.EventLog.addEventToLog: Event was added to eventLog. Id:1
Mon May 11 17:43:58 IDT 2020 Users.Fan.update: Fan was updated about a msg. username's fan:fan
Mon May 11 17:43:58 IDT 2020 Users.Referee.addEventMidGame: Event was added to the log event game 1 by the referee Invoker.
Mon May 11 17:44:04 IDT 2020 Users.User.setStatus: fan(id: 2) update his status
Mon May 11 17:44:04 IDT 2020 Controller.login: User log in to the system. id(2).
Mon May 11 17:45:25 IDT 2020 Controller.initSystem: Successfully connected to Tax System
Mon May 11 17:45:25 IDT 2020 Controller.initSystem: Successfully connected to Accounting System
Mon May 11 17:45:25 IDT 2020 Controller.signUp: A new user signUp to the system. (1,Pudge).
Mon May 11 17:45:25 IDT 2020 Users.User.setStatus: Administrator(id: 0) update his status
Mon May 11 17:45:25 IDT 2020 Controller.login: User log in to the system. id(0).
Mon May 11 17:45:25 IDT 2020 Users.SystemManager.createNewTeamOwner: Add a new TeamOwner : Puck
Mon May 11 17:45:25 IDT 2020 Users.SystemManager.createNewFootballAssociation: Add a new Football Association : PA
Mon May 11 17:45:25 IDT 2020 Users.SystemManager.createNewReferee: Add a new Referee : Invoker
Mon May 11 17:45:25 IDT 2020 Users.SystemManager.createNewReferee: Add a new Referee : Invoker2
Mon May 11 17:45:25 IDT 2020 Users.SystemManager.createNewReferee: Add a new Referee : Invoker3
Mon May 11 17:45:25 IDT 2020 Controller.signUp: A new user signUp to the system. (2,fan).
Mon May 11 17:45:25 IDT 2020 Users.TeamOwner.addTeamToMyTeamList: Team : Navi , id :0was added to the teams list of : Puck , id :4
Mon May 11 17:45:25 IDT 2020 Users.TeamOwner.addTeamToMyTeamList: Team : VP , id :0was added to the teams list of : Puck , id :4
Mon May 11 17:45:25 IDT 2020 FootballObjects.Field.addMyTeam: The team for field : rus id : 0was added to the home teams list.
Mon May 11 17:45:25 IDT 2020 FootballObjects.Team.Team.addAsset: New asset wae added to team :Navi , id :0Asset details : @name:rus , id : 0
Mon May 11 17:45:25 IDT 2020 FootballObjects.Field.addMyTeam: The team for field : ukr id : 1was added to the home teams list.
Mon May 11 17:45:25 IDT 2020 FootballObjects.Team.Team.addAsset: New asset wae added to team :VP , id :0Asset details : @name:ukr , id : 1
Mon May 11 17:45:25 IDT 2020 Users.FootballAssociation.initLeague: Football assosiation -Init new League. Name:Major
Mon May 11 17:45:25 IDT 2020 FootballObjects.Team.DefaultAllocate.setTeamPolicy: League Information inaugural games for the league- home and away games for each league team
Mon May 11 17:45:25 IDT 2020 FootballObjects.Game.registerFanToAlert: Fan fan (id: 2) register to receive a game (id: 1) alert
Mon May 11 17:45:25 IDT 2020 FootballObjects.Game.registerFanToAlert: Fan fan (id: 2) register to receive a game (id: 2) alert
Mon May 11 17:45:25 IDT 2020 FootballObjects.Game.registerRefereeToAlert: Referee Invoker (id: 2) register to receive a game (id: 1) alert
Mon May 11 17:45:25 IDT 2020 Users.Referee.addGame: a Game added to referee list. Referee's username:Invoker
Mon May 11 17:45:25 IDT 2020 FootballObjects.Game.registerRefereeToAlert: Referee Invoker2 (id: 2) register to receive a game (id: 1) alert
Mon May 11 17:45:25 IDT 2020 Users.Referee.addGame: a Game added to referee list. Referee's username:Invoker2
Mon May 11 17:45:25 IDT 2020 FootballObjects.Game.registerRefereeToAlert: Referee Invoker3 (id: 2) register to receive a game (id: 1) alert
Mon May 11 17:45:25 IDT 2020 Users.Referee.addGame: a Game added to referee list. Referee's username:Invoker3
Mon May 11 17:45:25 IDT 2020 FootballObjects.Game.registerRefereeToAlert: Referee Invoker (id: 2) register to receive a game (id: 2) alert
Mon May 11 17:45:25 IDT 2020 Users.Referee.addGame: a Game added to referee list. Referee's username:Invoker
Mon May 11 17:45:25 IDT 2020 FootballObjects.Game.registerRefereeToAlert: Referee Invoker2 (id: 2) register to receive a game (id: 2) alert
Mon May 11 17:45:25 IDT 2020 Users.Referee.addGame: a Game added to referee list. Referee's username:Invoker2
Mon May 11 17:45:25 IDT 2020 FootballObjects.Game.registerRefereeToAlert: Referee Invoker3 (id: 2) register to receive a game (id: 2) alert
Mon May 11 17:45:25 IDT 2020 Users.Referee.addGame: a Game added to referee list. Referee's username:Invoker3
Mon May 11 17:45:25 IDT 2020 FootballObjects.LeagueInformation.schedulingReferee: League information- The referees inaugural season was successfully completed. League name: Major
Mon May 11 17:45:38 IDT 2020 Users.User.setStatus: fan(id: 2) update his status
Mon May 11 17:45:38 IDT 2020 Controller.login: User log in to the system. id(2).
Mon May 11 17:45:49 IDT 2020 Controller.initSystem: Successfully connected to Tax System
Mon May 11 17:45:49 IDT 2020 Controller.initSystem: Successfully connected to Accounting System
Mon May 11 17:45:49 IDT 2020 Controller.signUp: A new user signUp to the system. (1,Pudge).
Mon May 11 17:45:49 IDT 2020 Users.User.setStatus: Administrator(id: 0) update his status
Mon May 11 17:45:49 IDT 2020 Controller.login: User log in to the system. id(0).
Mon May 11 17:45:49 IDT 2020 Users.SystemManager.createNewTeamOwner: Add a new TeamOwner : Puck
Mon May 11 17:45:49 IDT 2020 Users.SystemManager.createNewFootballAssociation: Add a new Football Association : PA
Mon May 11 17:45:49 IDT 2020 Users.SystemManager.createNewReferee: Add a new Referee : Invoker
Mon May 11 17:45:49 IDT 2020 Users.SystemManager.createNewReferee: Add a new Referee : Invoker2
Mon May 11 17:45:49 IDT 2020 Users.SystemManager.createNewReferee: Add a new Referee : Invoker3
Mon May 11 17:45:49 IDT 2020 Controller.signUp: A new user signUp to the system. (2,fan).
Mon May 11 17:45:49 IDT 2020 Users.TeamOwner.addTeamToMyTeamList: Team : Navi , id :0was added to the teams list of : Puck , id :4
Mon May 11 17:45:49 IDT 2020 Users.TeamOwner.addTeamToMyTeamList: Team : VP , id :0was added to the teams list of : Puck , id :4
Mon May 11 17:45:49 IDT 2020 FootballObjects.Field.addMyTeam: The team for field : rus id : 0was added to the home teams list.
Mon May 11 17:45:49 IDT 2020 FootballObjects.Team.Team.addAsset: New asset wae added to team :Navi , id :0Asset details : @name:rus , id : 0
Mon May 11 17:45:49 IDT 2020 FootballObjects.Field.addMyTeam: The team for field : ukr id : 1was added to the home teams list.
Mon May 11 17:45:49 IDT 2020 FootballObjects.Team.Team.addAsset: New asset wae added to team :VP , id :0Asset details : @name:ukr , id : 1
Mon May 11 17:45:49 IDT 2020 Users.FootballAssociation.initLeague: Football assosiation -Init new League. Name:Major
Mon May 11 17:45:49 IDT 2020 FootballObjects.Team.DefaultAllocate.setTeamPolicy: League Information inaugural games for the league- home and away games for each league team
Mon May 11 17:45:49 IDT 2020 FootballObjects.Game.registerFanToAlert: Fan fan (id: 2) register to receive a game (id: 1) alert
Mon May 11 17:45:49 IDT 2020 FootballObjects.Game.registerFanToAlert: Fan fan (id: 2) register to receive a game (id: 2) alert
Mon May 11 17:45:49 IDT 2020 FootballObjects.Game.registerRefereeToAlert: Referee Invoker (id: 2) register to receive a game (id: 1) alert
Mon May 11 17:45:49 IDT 2020 Users.Referee.addGame: a Game added to referee list. Referee's username:Invoker
Mon May 11 17:45:49 IDT 2020 FootballObjects.Game.registerRefereeToAlert: Referee Invoker2 (id: 2) register to receive a game (id: 1) alert
Mon May 11 17:45:49 IDT 2020 Users.Referee.addGame: a Game added to referee list. Referee's username:Invoker2
Mon May 11 17:45:49 IDT 2020 FootballObjects.Game.registerRefereeToAlert: Referee Invoker3 (id: 2) register to receive a game (id: 1) alert
Mon May 11 17:45:49 IDT 2020 Users.Referee.addGame: a Game added to referee list. Referee's username:Invoker3
Mon May 11 17:45:49 IDT 2020 FootballObjects.Game.registerRefereeToAlert: Referee Invoker (id: 2) register to receive a game (id: 2) alert
Mon May 11 17:45:49 IDT 2020 Users.Referee.addGame: a Game added to referee list. Referee's username:Invoker
Mon May 11 17:45:49 IDT 2020 FootballObjects.Game.registerRefereeToAlert: Referee Invoker2 (id: 2) register to receive a game (id: 2) alert
Mon May 11 17:45:49 IDT 2020 Users.Referee.addGame: a Game added to referee list. Referee's username:Invoker2
Mon May 11 17:45:49 IDT 2020 FootballObjects.Game.registerRefereeToAlert: Referee Invoker3 (id: 2) register to receive a game (id: 2) alert
Mon May 11 17:45:49 IDT 2020 Users.Referee.addGame: a Game added to referee list. Referee's username:Invoker3
Mon May 11 17:45:49 IDT 2020 FootballObjects.LeagueInformation.schedulingReferee: League information- The referees inaugural season was successfully completed. League name: Major
Mon May 11 17:45:57 IDT 2020 Users.User.setStatus: Invoker(id: 2) update his status
Mon May 11 17:45:57 IDT 2020 Controller.login: User log in to the system. id(2).
Mon May 11 17:46:04 IDT 2020 FootballObjects.Event.AEvent.<init>: New Event was created. (1)
Mon May 11 17:46:04 IDT 2020 FootballObjects.Event.EventLog.addEventToLog: Event was added to eventLog. Id:1
Mon May 11 17:46:04 IDT 2020 Users.Fan.update: Fan was updated about a msg. username's fan:fan
Mon May 11 17:46:04 IDT 2020 Users.Referee.addEventMidGame: Event was added to the log event game 1 by the referee Invoker.
Mon May 11 17:46:11 IDT 2020 FootballObjects.Event.AEvent.<init>: New Event was created. (2)
Mon May 11 17:46:11 IDT 2020 FootballObjects.Event.EventLog.addEventToLog: Event was added to eventLog. Id:2
Mon May 11 17:46:11 IDT 2020 Users.Fan.update: Fan was updated about a msg. username's fan:fan
Mon May 11 17:46:11 IDT 2020 Users.Referee.addEventMidGame: Event was added to the log event game 1 by the referee Invoker.
Mon May 11 17:46:18 IDT 2020 Users.User.setStatus: fan(id: 2) update his status
Mon May 11 17:46:18 IDT 2020 Controller.login: User log in to the system. id(2).
Mon May 11 17:50:57 IDT 2020 Controller.initSystem: Successfully connected to Tax System
Mon May 11 17:50:57 IDT 2020 Controller.initSystem: Successfully connected to Accounting System
Mon May 11 17:50:57 IDT 2020 Controller.signUp: A new user signUp to the system. (1,Pudge).
Mon May 11 17:50:57 IDT 2020 Users.User.setStatus: Administrator(id: 0) update his status
Mon May 11 17:50:57 IDT 2020 Controller.login: User log in to the system. id(0).
Mon May 11 17:50:57 IDT 2020 Users.SystemManager.createNewTeamOwner: Add a new TeamOwner : Puck
Mon May 11 17:50:57 IDT 2020 Users.SystemManager.createNewFootballAssociation: Add a new Football Association : PA
Mon May 11 17:50:57 IDT 2020 Users.SystemManager.createNewReferee: Add a new Referee : Invoker
Mon May 11 17:50:57 IDT 2020 Users.SystemManager.createNewReferee: Add a new Referee : Invoker2
Mon May 11 17:50:57 IDT 2020 Users.SystemManager.createNewReferee: Add a new Referee : Invoker3
Mon May 11 17:50:57 IDT 2020 Controller.signUp: A new user signUp to the system. (2,fan).
Mon May 11 17:50:57 IDT 2020 Users.TeamOwner.addTeamToMyTeamList: Team : Navi , id :0was added to the teams list of : Puck , id :4
Mon May 11 17:50:57 IDT 2020 Users.TeamOwner.addTeamToMyTeamList: Team : VP , id :0was added to the teams list of : Puck , id :4
Mon May 11 17:50:57 IDT 2020 FootballObjects.Field.addMyTeam: The team for field : rus id : 0was added to the home teams list.
Mon May 11 17:50:57 IDT 2020 FootballObjects.Team.Team.addAsset: New asset wae added to team :Navi , id :0Asset details : @name:rus , id : 0
Mon May 11 17:50:57 IDT 2020 FootballObjects.Field.addMyTeam: The team for field : ukr id : 1was added to the home teams list.
Mon May 11 17:50:57 IDT 2020 FootballObjects.Team.Team.addAsset: New asset wae added to team :VP , id :0Asset details : @name:ukr , id : 1
Mon May 11 17:50:57 IDT 2020 Users.FootballAssociation.initLeague: Football assosiation -Init new League. Name:Major
Mon May 11 17:50:57 IDT 2020 FootballObjects.Team.DefaultAllocate.setTeamPolicy: League Information inaugural games for the league- home and away games for each league team
Mon May 11 17:50:57 IDT 2020 FootballObjects.Game.registerFanToAlert: Fan fan (id: 2) register to receive a game (id: 1) alert
Mon May 11 17:50:57 IDT 2020 FootballObjects.Game.registerFanToAlert: Fan fan (id: 2) register to receive a game (id: 2) alert
Mon May 11 17:50:57 IDT 2020 FootballObjects.Game.registerRefereeToAlert: Referee Invoker (id: 2) register to receive a game (id: 1) alert
Mon May 11 17:50:57 IDT 2020 Users.Referee.addGame: a Game added to referee list. Referee's username:Invoker
Mon May 11 17:50:57 IDT 2020 FootballObjects.Game.registerRefereeToAlert: Referee Invoker2 (id: 2) register to receive a game (id: 1) alert
Mon May 11 17:50:57 IDT 2020 Users.Referee.addGame: a Game added to referee list. Referee's username:Invoker2
Mon May 11 17:50:57 IDT 2020 FootballObjects.Game.registerRefereeToAlert: Referee Invoker3 (id: 2) register to receive a game (id: 1) alert
Mon May 11 17:50:57 IDT 2020 Users.Referee.addGame: a Game added to referee list. Referee's username:Invoker3
Mon May 11 17:50:57 IDT 2020 FootballObjects.Game.registerRefereeToAlert: Referee Invoker (id: 2) register to receive a game (id: 2) alert
Mon May 11 17:50:57 IDT 2020 Users.Referee.addGame: a Game added to referee list. Referee's username:Invoker
Mon May 11 17:50:57 IDT 2020 FootballObjects.Game.registerRefereeToAlert: Referee Invoker2 (id: 2) register to receive a game (id: 2) alert
Mon May 11 17:50:57 IDT 2020 Users.Referee.addGame: a Game added to referee list. Referee's username:Invoker2
Mon May 11 17:50:57 IDT 2020 FootballObjects.Game.registerRefereeToAlert: Referee Invoker3 (id: 2) register to receive a game (id: 2) alert
Mon May 11 17:50:57 IDT 2020 Users.Referee.addGame: a Game added to referee list. Referee's username:Invoker3
Mon May 11 17:50:57 IDT 2020 FootballObjects.LeagueInformation.schedulingReferee: League information- The referees inaugural season was successfully completed. League name: Major
Mon May 11 17:51:07 IDT 2020 Users.User.setStatus: Invoker(id: 2) update his status
Mon May 11 17:51:07 IDT 2020 Controller.login: User log in to the system. id(2).
Mon May 11 17:51:18 IDT 2020 FootballObjects.Event.AEvent.<init>: New Event was created. (1)
Mon May 11 17:51:18 IDT 2020 FootballObjects.Event.EventLog.addEventToLog: Event was added to eventLog. Id:1
Mon May 11 17:51:18 IDT 2020 Users.Fan.update: Fan was updated about a msg. username's fan:fan
Mon May 11 17:51:18 IDT 2020 Users.Referee.addEventMidGame: Event was added to the log event game 1 by the referee Invoker.
Mon May 11 17:51:25 IDT 2020 FootballObjects.Event.AEvent.<init>: New Event was created. (2)
Mon May 11 17:51:25 IDT 2020 FootballObjects.Event.EventLog.addEventToLog: Event was added to eventLog. Id:2
Mon May 11 17:51:25 IDT 2020 Users.Fan.update: Fan was updated about a msg. username's fan:fan
Mon May 11 17:51:25 IDT 2020 Users.Referee.addEventMidGame: Event was added to the log event game 1 by the referee Invoker.
Mon May 11 17:51:32 IDT 2020 Users.User.setStatus: fan(id: 2) update his status
Mon May 11 17:51:32 IDT 2020 Controller.login: User log in to the system. id(2).
Mon May 11 17:59:38 IDT 2020 Controller.initSystem: Successfully connected to Tax System
Mon May 11 17:59:38 IDT 2020 Controller.initSystem: Successfully connected to Accounting System
Mon May 11 17:59:38 IDT 2020 Controller.signUp: A new user signUp to the system. (1,Pudge).
Mon May 11 17:59:38 IDT 2020 Users.User.setStatus: Administrator(id: 0) update his status
Mon May 11 17:59:38 IDT 2020 Controller.login: User log in to the system. id(0).
Mon May 11 17:59:38 IDT 2020 Users.SystemManager.createNewTeamOwner: Add a new TeamOwner : Puck
Mon May 11 17:59:38 IDT 2020 Users.SystemManager.createNewFootballAssociation: Add a new Football Association : PA
Mon May 11 17:59:38 IDT 2020 Users.SystemManager.createNewReferee: Add a new Referee : Invoker
Mon May 11 17:59:38 IDT 2020 Users.SystemManager.createNewReferee: Add a new Referee : Invoker2
Mon May 11 17:59:38 IDT 2020 Users.SystemManager.createNewReferee: Add a new Referee : Invoker3
Mon May 11 17:59:38 IDT 2020 Controller.signUp: A new user signUp to the system. (2,fan).
Mon May 11 17:59:38 IDT 2020 Users.TeamOwner.addTeamToMyTeamList: Team : Navi , id :0was added to the teams list of : Puck , id :4
Mon May 11 17:59:38 IDT 2020 Users.TeamOwner.addTeamToMyTeamList: Team : VP , id :0was added to the teams list of : Puck , id :4
Mon May 11 17:59:38 IDT 2020 FootballObjects.Field.addMyTeam: The team for field : rus id : 0was added to the home teams list.
Mon May 11 17:59:38 IDT 2020 FootballObjects.Team.Team.addAsset: New asset wae added to team :Navi , id :0Asset details : @name:rus , id : 0
Mon May 11 17:59:38 IDT 2020 FootballObjects.Field.addMyTeam: The team for field : ukr id : 1was added to the home teams list.
Mon May 11 17:59:38 IDT 2020 FootballObjects.Team.Team.addAsset: New asset wae added to team :VP , id :0Asset details : @name:ukr , id : 1
Mon May 11 17:59:38 IDT 2020 Users.FootballAssociation.initLeague: Football assosiation -Init new League. Name:Major
Mon May 11 17:59:38 IDT 2020 FootballObjects.Team.DefaultAllocate.setTeamPolicy: League Information inaugural games for the league- home and away games for each league team
Mon May 11 17:59:38 IDT 2020 FootballObjects.Game.registerFanToAlert: Fan fan (id: 2) register to receive a game (id: 1) alert
Mon May 11 17:59:38 IDT 2020 FootballObjects.Game.registerFanToAlert: Fan fan (id: 2) register to receive a game (id: 2) alert
Mon May 11 17:59:38 IDT 2020 FootballObjects.Game.registerRefereeToAlert: Referee Invoker (id: 2) register to receive a game (id: 1) alert
Mon May 11 17:59:38 IDT 2020 Users.Referee.addGame: a Game added to referee list. Referee's username:Invoker
Mon May 11 17:59:38 IDT 2020 FootballObjects.Game.registerRefereeToAlert: Referee Invoker2 (id: 2) register to receive a game (id: 1) alert
Mon May 11 17:59:38 IDT 2020 Users.Referee.addGame: a Game added to referee list. Referee's username:Invoker2
Mon May 11 17:59:38 IDT 2020 FootballObjects.Game.registerRefereeToAlert: Referee Invoker3 (id: 2) register to receive a game (id: 1) alert
Mon May 11 17:59:38 IDT 2020 Users.Referee.addGame: a Game added to referee list. Referee's username:Invoker3
Mon May 11 17:59:38 IDT 2020 FootballObjects.Game.registerRefereeToAlert: Referee Invoker (id: 2) register to receive a game (id: 2) alert
Mon May 11 17:59:38 IDT 2020 Users.Referee.addGame: a Game added to referee list. Referee's username:Invoker
Mon May 11 17:59:38 IDT 2020 FootballObjects.Game.registerRefereeToAlert: Referee Invoker2 (id: 2) register to receive a game (id: 2) alert
Mon May 11 17:59:38 IDT 2020 Users.Referee.addGame: a Game added to referee list. Referee's username:Invoker2
Mon May 11 17:59:38 IDT 2020 FootballObjects.Game.registerRefereeToAlert: Referee Invoker3 (id: 2) register to receive a game (id: 2) alert
Mon May 11 17:59:38 IDT 2020 Users.Referee.addGame: a Game added to referee list. Referee's username:Invoker3
Mon May 11 17:59:38 IDT 2020 FootballObjects.LeagueInformation.schedulingReferee: League information- The referees inaugural season was successfully completed. League name: Major
Mon May 11 17:59:47 IDT 2020 Users.User.setStatus: Invoker(id: 2) update his status
Mon May 11 17:59:47 IDT 2020 Controller.login: User log in to the system. id(2).
Mon May 11 17:59:56 IDT 2020 FootballObjects.Event.AEvent.<init>: New Event was created. (1)
Mon May 11 17:59:56 IDT 2020 FootballObjects.Event.EventLog.addEventToLog: Event was added to eventLog. Id:1
Mon May 11 17:59:56 IDT 2020 Users.Fan.update: Fan was updated about a msg. username's fan:fan
Mon May 11 17:59:56 IDT 2020 Users.Referee.addEventMidGame: Event was added to the log event game 1 by the referee Invoker.
Mon May 11 18:00:03 IDT 2020 FootballObjects.Event.AEvent.<init>: New Event was created. (2)
Mon May 11 18:00:03 IDT 2020 FootballObjects.Event.EventLog.addEventToLog: Event was added to eventLog. Id:2
Mon May 11 18:00:03 IDT 2020 Users.Fan.update: Fan was updated about a msg. username's fan:fan
Mon May 11 18:00:03 IDT 2020 Users.Referee.addEventMidGame: Event was added to the log event game 1 by the referee Invoker.
Mon May 11 18:00:09 IDT 2020 Users.User.setStatus: fan(id: 2) update his status
Mon May 11 18:00:09 IDT 2020 Controller.login: User log in to the system. id(2).
Mon May 11 18:02:50 IDT 2020 Controller.initSystem: Successfully connected to Tax System
Mon May 11 18:02:50 IDT 2020 Controller.initSystem: Successfully connected to Accounting System
Mon May 11 18:02:50 IDT 2020 Controller.signUp: A new user signUp to the system. (1,Pudge).
Mon May 11 18:02:50 IDT 2020 Users.User.setStatus: Administrator(id: 0) update his status
Mon May 11 18:02:50 IDT 2020 Controller.login: User log in to the system. id(0).
Mon May 11 18:02:50 IDT 2020 Users.SystemManager.createNewTeamOwner: Add a new TeamOwner : Puck
Mon May 11 18:02:50 IDT 2020 Users.SystemManager.createNewFootballAssociation: Add a new Football Association : PA
Mon May 11 18:02:50 IDT 2020 Users.SystemManager.createNewReferee: Add a new Referee : Invoker
Mon May 11 18:02:50 IDT 2020 Users.SystemManager.createNewReferee: Add a new Referee : Invoker2
Mon May 11 18:02:50 IDT 2020 Users.SystemManager.createNewReferee: Add a new Referee : Invoker3
Mon May 11 18:02:50 IDT 2020 Controller.signUp: A new user signUp to the system. (2,fan).
Mon May 11 18:02:50 IDT 2020 Users.TeamOwner.addTeamToMyTeamList: Team : Navi , id :0was added to the teams list of : Puck , id :4
Mon May 11 18:02:50 IDT 2020 Users.TeamOwner.addTeamToMyTeamList: Team : VP , id :0was added to the teams list of : Puck , id :4
Mon May 11 18:02:50 IDT 2020 FootballObjects.Field.addMyTeam: The team for field : rus id : 0was added to the home teams list.
Mon May 11 18:02:50 IDT 2020 FootballObjects.Team.Team.addAsset: New asset wae added to team :Navi , id :0Asset details : @name:rus , id : 0
Mon May 11 18:02:50 IDT 2020 FootballObjects.Field.addMyTeam: The team for field : ukr id : 1was added to the home teams list.
Mon May 11 18:02:50 IDT 2020 FootballObjects.Team.Team.addAsset: New asset wae added to team :VP , id :0Asset details : @name:ukr , id : 1
Mon May 11 18:02:50 IDT 2020 Users.FootballAssociation.initLeague: Football assosiation -Init new League. Name:Major
Mon May 11 18:02:50 IDT 2020 FootballObjects.Team.DefaultAllocate.setTeamPolicy: League Information inaugural games for the league- home and away games for each league team
Mon May 11 18:02:50 IDT 2020 FootballObjects.Game.registerFanToAlert: Fan fan (id: 2) register to receive a game (id: 1) alert
Mon May 11 18:02:50 IDT 2020 FootballObjects.Game.registerFanToAlert: Fan fan (id: 2) register to receive a game (id: 2) alert
Mon May 11 18:02:50 IDT 2020 FootballObjects.Game.registerRefereeToAlert: Referee Invoker (id: 2) register to receive a game (id: 1) alert
Mon May 11 18:02:50 IDT 2020 Users.Referee.addGame: a Game added to referee list. Referee's username:Invoker
Mon May 11 18:02:51 IDT 2020 FootballObjects.Game.registerRefereeToAlert: Referee Invoker2 (id: 2) register to receive a game (id: 1) alert
Mon May 11 18:02:51 IDT 2020 Users.Referee.addGame: a Game added to referee list. Referee's username:Invoker2
Mon May 11 18:02:51 IDT 2020 FootballObjects.Game.registerRefereeToAlert: Referee Invoker3 (id: 2) register to receive a game (id: 1) alert
Mon May 11 18:02:51 IDT 2020 Users.Referee.addGame: a Game added to referee list. Referee's username:Invoker3
Mon May 11 18:02:51 IDT 2020 FootballObjects.Game.registerRefereeToAlert: Referee Invoker (id: 2) register to receive a game (id: 2) alert
Mon May 11 18:02:51 IDT 2020 Users.Referee.addGame: a Game added to referee list. Referee's username:Invoker
Mon May 11 18:02:51 IDT 2020 FootballObjects.Game.registerRefereeToAlert: Referee Invoker2 (id: 2) register to receive a game (id: 2) alert
Mon May 11 18:02:51 IDT 2020 Users.Referee.addGame: a Game added to referee list. Referee's username:Invoker2
Mon May 11 18:02:51 IDT 2020 FootballObjects.Game.registerRefereeToAlert: Referee Invoker3 (id: 2) register to receive a game (id: 2) alert
Mon May 11 18:02:51 IDT 2020 Users.Referee.addGame: a Game added to referee list. Referee's username:Invoker3
Mon May 11 18:02:51 IDT 2020 FootballObjects.LeagueInformation.schedulingReferee: League information- The referees inaugural season was successfully completed. League name: Major
Mon May 11 18:02:56 IDT 2020 Users.User.setStatus: fan(id: 2) update his status
Mon May 11 18:02:56 IDT 2020 Controller.login: User log in to the system. id(2).
Mon May 11 18:03:55 IDT 2020 Users.User.setStatus: Invoker(id: 2) update his status
Mon May 11 18:03:55 IDT 2020 Controller.login: User log in to the system. id(2).
Mon May 11 18:04:02 IDT 2020 FootballObjects.Event.AEvent.<init>: New Event was created. (1)
Mon May 11 18:04:02 IDT 2020 FootballObjects.Event.EventLog.addEventToLog: Event was added to eventLog. Id:1
Mon May 11 18:04:02 IDT 2020 Users.Fan.update: Fan was updated about a msg. username's fan:fan
Mon May 11 18:04:02 IDT 2020 Users.Referee.addEventMidGame: Event was added to the log event game 1 by the referee Invoker.
Mon May 11 18:04:10 IDT 2020 FootballObjects.Event.AEvent.<init>: New Event was created. (2)
Mon May 11 18:04:10 IDT 2020 FootballObjects.Event.EventLog.addEventToLog: Event was added to eventLog. Id:2
Mon May 11 18:04:10 IDT 2020 Users.Fan.update: Fan was updated about a msg. username's fan:fan
Mon May 11 18:04:10 IDT 2020 Users.Referee.addEventMidGame: Event was added to the log event game 1 by the referee Invoker.
Mon May 11 18:04:16 IDT 2020 Users.User.setStatus: fan(id: 2) update his status
Mon May 11 18:04:16 IDT 2020 Controller.login: User log in to the system. id(2).
Mon May 11 18:04:28 IDT 2020 Users.User.setStatus: Invoker(id: 2) update his status
Mon May 11 18:04:28 IDT 2020 Controller.login: User log in to the system. id(2).
Mon May 11 18:04:39 IDT 2020 FootballObjects.Event.AEvent.<init>: New Event was created. (3)
Mon May 11 18:04:39 IDT 2020 FootballObjects.Event.EventLog.addEventToLog: Event was added to eventLog. Id:3
Mon May 11 18:04:39 IDT 2020 Users.Fan.update: Fan was updated about a msg. username's fan:fan
Mon May 11 18:04:39 IDT 2020 Users.Referee.addEventMidGame: Event was added to the log event game 1 by the referee Invoker.
Mon May 11 18:04:44 IDT 2020 Users.User.setStatus: fan(id: 2) update his status
Mon May 11 18:04:44 IDT 2020 Controller.login: User log in to the system. id(2).
Mon May 11 18:08:23 IDT 2020 Controller.initSystem: Successfully connected to Tax System
Mon May 11 18:08:23 IDT 2020 Controller.initSystem: Successfully connected to Accounting System
Mon May 11 18:08:23 IDT 2020 Controller.signUp: A new user signUp to the system. (1,Pudge).
Mon May 11 18:08:23 IDT 2020 Users.User.setStatus: Administrator(id: 0) update his status
Mon May 11 18:08:23 IDT 2020 Controller.login: User log in to the system. id(0).
Mon May 11 18:08:23 IDT 2020 Users.SystemManager.createNewTeamOwner: Add a new TeamOwner : Puck
Mon May 11 18:08:23 IDT 2020 Users.SystemManager.createNewFootballAssociation: Add a new Football Association : PA
Mon May 11 18:08:23 IDT 2020 Users.SystemManager.createNewReferee: Add a new Referee : Invoker
Mon May 11 18:08:23 IDT 2020 Users.SystemManager.createNewReferee: Add a new Referee : Invoker2
Mon May 11 18:08:23 IDT 2020 Users.SystemManager.createNewReferee: Add a new Referee : Invoker3
Mon May 11 18:08:23 IDT 2020 Controller.signUp: A new user signUp to the system. (2,fan).
Mon May 11 18:08:23 IDT 2020 Users.TeamOwner.addTeamToMyTeamList: Team : Navi , id :0was added to the teams list of : Puck , id :4
Mon May 11 18:08:23 IDT 2020 Users.TeamOwner.addTeamToMyTeamList: Team : VP , id :0was added to the teams list of : Puck , id :4
Mon May 11 18:08:23 IDT 2020 FootballObjects.Field.addMyTeam: The team for field : rus id : 0was added to the home teams list.
Mon May 11 18:08:23 IDT 2020 FootballObjects.Team.Team.addAsset: New asset wae added to team :Navi , id :0Asset details : @name:rus , id : 0
Mon May 11 18:08:23 IDT 2020 FootballObjects.Field.addMyTeam: The team for field : ukr id : 1was added to the home teams list.
Mon May 11 18:08:23 IDT 2020 FootballObjects.Team.Team.addAsset: New asset wae added to team :VP , id :0Asset details : @name:ukr , id : 1
Mon May 11 18:08:23 IDT 2020 Users.FootballAssociation.initLeague: Football assosiation -Init new League. Name:Major
Mon May 11 18:08:23 IDT 2020 FootballObjects.Team.DefaultAllocate.setTeamPolicy: League Information inaugural games for the league- home and away games for each league team
Mon May 11 18:08:23 IDT 2020 FootballObjects.Game.registerFanToAlert: Fan fan (id: 2) register to receive a game (id: 1) alert
Mon May 11 18:08:23 IDT 2020 FootballObjects.Game.registerFanToAlert: Fan fan (id: 2) register to receive a game (id: 2) alert
Mon May 11 18:08:23 IDT 2020 FootballObjects.Game.registerRefereeToAlert: Referee Invoker (id: 2) register to receive a game (id: 1) alert
Mon May 11 18:08:23 IDT 2020 Users.Referee.addGame: a Game added to referee list. Referee's username:Invoker
Mon May 11 18:08:23 IDT 2020 FootballObjects.Game.registerRefereeToAlert: Referee Invoker2 (id: 2) register to receive a game (id: 1) alert
Mon May 11 18:08:23 IDT 2020 Users.Referee.addGame: a Game added to referee list. Referee's username:Invoker2
Mon May 11 18:08:23 IDT 2020 FootballObjects.Game.registerRefereeToAlert: Referee Invoker3 (id: 2) register to receive a game (id: 1) alert
Mon May 11 18:08:23 IDT 2020 Users.Referee.addGame: a Game added to referee list. Referee's username:Invoker3
Mon May 11 18:08:23 IDT 2020 FootballObjects.Game.registerRefereeToAlert: Referee Invoker (id: 2) register to receive a game (id: 2) alert
Mon May 11 18:08:23 IDT 2020 Users.Referee.addGame: a Game added to referee list. Referee's username:Invoker
Mon May 11 18:08:23 IDT 2020 FootballObjects.Game.registerRefereeToAlert: Referee Invoker2 (id: 2) register to receive a game (id: 2) alert
Mon May 11 18:08:23 IDT 2020 Users.Referee.addGame: a Game added to referee list. Referee's username:Invoker2
Mon May 11 18:08:23 IDT 2020 FootballObjects.Game.registerRefereeToAlert: Referee Invoker3 (id: 2) register to receive a game (id: 2) alert
Mon May 11 18:08:23 IDT 2020 Users.Referee.addGame: a Game added to referee list. Referee's username:Invoker3
Mon May 11 18:08:23 IDT 2020 FootballObjects.LeagueInformation.schedulingReferee: League information- The referees inaugural season was successfully completed. League name: Major
Mon May 11 18:08:36 IDT 2020 Users.User.setStatus: Invoker(id: 2) update his status
Mon May 11 18:08:36 IDT 2020 Controller.login: User log in to the system. id(2).
Mon May 11 18:08:47 IDT 2020 FootballObjects.Event.AEvent.<init>: New Event was created. (1)
Mon May 11 18:08:47 IDT 2020 FootballObjects.Event.EventLog.addEventToLog: Event was added to eventLog. Id:1
Mon May 11 18:08:47 IDT 2020 Users.Fan.update: Fan was updated about a msg. username's fan:fan
Mon May 11 18:08:47 IDT 2020 Users.Referee.addEventMidGame: Event was added to the log event game 1 by the referee Invoker.
Mon May 11 18:09:21 IDT 2020 FootballObjects.Event.AEvent.<init>: New Event was created. (2)
Mon May 11 18:09:21 IDT 2020 FootballObjects.Event.EventLog.addEventToLog: Event was added to eventLog. Id:2
Mon May 11 18:09:21 IDT 2020 Users.Fan.update: Fan was updated about a msg. username's fan:fan
Mon May 11 18:09:21 IDT 2020 Users.Referee.addEventMidGame: Event was added to the log event game 1 by the referee Invoker.
Mon May 11 18:09:28 IDT 2020 Users.User.setStatus: fan(id: 2) update his status
Mon May 11 18:09:28 IDT 2020 Controller.login: User log in to the system. id(2).
Mon May 11 18:09:48 IDT 2020 Users.User.setStatus: Invoker(id: 2) update his status
Mon May 11 18:09:48 IDT 2020 Controller.login: User log in to the system. id(2).
Mon May 11 18:09:57 IDT 2020 FootballObjects.Event.AEvent.<init>: New Event was created. (3)
Mon May 11 18:09:57 IDT 2020 FootballObjects.Event.EventLog.addEventToLog: Event was added to eventLog. Id:3
Mon May 11 18:09:57 IDT 2020 Users.Fan.update: Fan was updated about a msg. username's fan:fan
Mon May 11 18:09:57 IDT 2020 Users.Referee.addEventMidGame: Event was added to the log event game 1 by the referee Invoker.
Mon May 11 18:10:02 IDT 2020 Users.User.setStatus: fan(id: 2) update his status
Mon May 11 18:10:02 IDT 2020 Controller.login: User log in to the system. id(2).
